<?xml version="1.0" encoding="UTF-8"?>
<!-- Generated by org.testng.reporters.JUnitReportReporter -->
<testsuite hostname="SOOSANui-MacBookAir.local" failures="0" tests="38" name="eWalker_SSL_VPN_V10.eWalker_SSL_VPN_Android_test" time="3310.740" errors="0" timestamp="2023-05-17T11:30:02 KST" skipped="0">
  <testcase classname="eWalker_SSL_VPN_V10.eWalker_SSL_VPN_Android_test" name="R04_T09" time="217.510"/>
  <system-out/>
  <testcase classname="eWalker_SSL_VPN_V10.eWalker_SSL_VPN_Android_test" name="R03_T01" time="39.310"/>
  <system-out/>
  <testcase classname="eWalker_SSL_VPN_V10.eWalker_SSL_VPN_Android_test" name="R08_T03" time="70.792"/>
  <system-out/>
  <testcase classname="eWalker_SSL_VPN_V10.eWalker_SSL_VPN_Android_test" name="R02_T01" time="15.678"/>
  <system-out/>
  <testcase classname="eWalker_SSL_VPN_V10.eWalker_SSL_VPN_Android_test" name="R06_T06" time="74.175"/>
  <system-out/>
  <testcase classname="eWalker_SSL_VPN_V10.eWalker_SSL_VPN_Android_test" name="R04_T06" time="132.134"/>
  <system-out/>
  <testcase classname="eWalker_SSL_VPN_V10.eWalker_SSL_VPN_Android_test" name="R06_T01" time="48.915"/>
  <system-out/>
  <testcase classname="eWalker_SSL_VPN_V10.eWalker_SSL_VPN_Android_test" name="R07_T04" time="74.819"/>
  <system-out/>
  <testcase classname="eWalker_SSL_VPN_V10.eWalker_SSL_VPN_Android_test" name="R11_T02" time="23.813"/>
  <system-out/>
  <testcase classname="eWalker_SSL_VPN_V10.eWalker_SSL_VPN_Android_test" name="R09_T04" time="76.148"/>
  <system-out/>
  <testcase classname="eWalker_SSL_VPN_V10.eWalker_SSL_VPN_Android_test" name="R10_T03" time="68.161"/>
  <system-out/>
  <testcase classname="eWalker_SSL_VPN_V10.eWalker_SSL_VPN_Android_test" name="R04_T03" time="39.901"/>
  <system-out/>
  <testcase classname="eWalker_SSL_VPN_V10.eWalker_SSL_VPN_Android_test" name="R09_T05" time="75.652"/>
  <system-out/>
  <testcase classname="eWalker_SSL_VPN_V10.eWalker_SSL_VPN_Android_test" name="R08_T05" time="75.437"/>
  <system-out/>
  <testcase classname="eWalker_SSL_VPN_V10.eWalker_SSL_VPN_Android_test" name="R03_T02" time="39.671"/>
  <system-out/>
  <testcase classname="eWalker_SSL_VPN_V10.eWalker_SSL_VPN_Android_test" name="R07_T01" time="50.556"/>
  <system-out/>
  <testcase classname="eWalker_SSL_VPN_V10.eWalker_SSL_VPN_Android_test" name="R04_T07" time="38.503"/>
  <system-out/>
  <testcase classname="eWalker_SSL_VPN_V10.eWalker_SSL_VPN_Android_test" name="R06_T03" time="44.933"/>
  <system-out/>
  <testcase classname="eWalker_SSL_VPN_V10.eWalker_SSL_VPN_Android_test" name="R07_T05" time="78.239"/>
  <system-out/>
  <testcase classname="eWalker_SSL_VPN_V10.eWalker_SSL_VPN_Android_test" name="R08_T04" time="74.337"/>
  <system-out/>
  <testcase classname="eWalker_SSL_VPN_V10.eWalker_SSL_VPN_Android_test" name="R04_T05" time="63.465"/>
  <system-out/>
  <testcase classname="eWalker_SSL_VPN_V10.eWalker_SSL_VPN_Android_test" name="R08_T01" time="48.594"/>
  <system-out/>
  <testcase classname="eWalker_SSL_VPN_V10.eWalker_SSL_VPN_Android_test" name="R04_T08" time="45.521"/>
  <system-out/>
  <testcase classname="eWalker_SSL_VPN_V10.eWalker_SSL_VPN_Android_test" name="R04_T01" time="88.733"/>
  <system-out/>
  <testcase classname="eWalker_SSL_VPN_V10.eWalker_SSL_VPN_Android_test" name="R10_T04" time="77.435"/>
  <system-out/>
  <testcase classname="eWalker_SSL_VPN_V10.eWalker_SSL_VPN_Android_test" name="R06_T02" time="79.360"/>
  <system-out/>
  <testcase classname="eWalker_SSL_VPN_V10.eWalker_SSL_VPN_Android_test" name="R09_T03" time="68.746"/>
  <system-out/>
  <testcase classname="eWalker_SSL_VPN_V10.eWalker_SSL_VPN_Android_test" name="R07_T03" time="68.018"/>
  <system-out/>
  <testcase classname="eWalker_SSL_VPN_V10.eWalker_SSL_VPN_Android_test" name="R04_T02" time="40.430"/>
  <system-out/>
  <testcase classname="eWalker_SSL_VPN_V10.eWalker_SSL_VPN_Android_test" name="R06_T05" time="67.340"/>
  <system-out/>
  <testcase classname="eWalker_SSL_VPN_V10.eWalker_SSL_VPN_Android_test" name="R01_T01" time="9.925"/>
  <system-out/>
  <testcase classname="eWalker_SSL_VPN_V10.eWalker_SSL_VPN_Android_test" name="R02_T03" time="85.082"/>
  <system-out/>
  <testcase classname="eWalker_SSL_VPN_V10.eWalker_SSL_VPN_Android_test" name="R04_T04" time="889.607"/>
  <system-out/>
  <testcase classname="eWalker_SSL_VPN_V10.eWalker_SSL_VPN_Android_test" name="R11_T01" time="24.066"/>
  <system-out/>
  <testcase classname="eWalker_SSL_VPN_V10.eWalker_SSL_VPN_Android_test" name="R10_T01" time="51.448"/>
  <system-out/>
  <testcase classname="eWalker_SSL_VPN_V10.eWalker_SSL_VPN_Android_test" name="R09_T01" time="51.442"/>
  <system-out/>
  <testcase classname="eWalker_SSL_VPN_V10.eWalker_SSL_VPN_Android_test" name="R10_T05" time="74.576"/>
  <system-out/>
  <testcase classname="eWalker_SSL_VPN_V10.eWalker_SSL_VPN_Android_test" name="R02_T02" time="118.268"/>
  <system-out/>
</testsuite> <!-- eWalker_SSL_VPN_V10.eWalker_SSL_VPN_Android_test -->
