<?xml version="1.0" encoding="UTF-8"?>
<!-- Generated by org.testng.reporters.JUnitReportReporter -->
<testsuite hostname="SOOSANui-MacBookAir.local" failures="0" tests="38" name="eWalker_SSL_VPN_V10.eWalker_SSL_VPN_Android_launch" time="3681.330" errors="6" timestamp="2023-07-04T18:35:28 KST" skipped="0">
  <testcase classname="eWalker_SSL_VPN_V10.eWalker_SSL_VPN_Android_launch" name="A01_T01" time="6.662"/>
  <system-out/>
  <testcase classname="eWalker_SSL_VPN_V10.eWalker_SSL_VPN_Android_launch" name="A02_T01" time="18.046"/>
  <system-out/>
  <testcase classname="eWalker_SSL_VPN_V10.eWalker_SSL_VPN_Android_launch" name="A02_T02" time="137.621"/>
  <system-out/>
  <testcase classname="eWalker_SSL_VPN_V10.eWalker_SSL_VPN_Android_launch" name="A02_T03" time="83.467"/>
  <system-out/>
  <testcase classname="eWalker_SSL_VPN_V10.eWalker_SSL_VPN_Android_launch" name="A03_T01" time="36.556"/>
  <system-out/>
  <testcase classname="eWalker_SSL_VPN_V10.eWalker_SSL_VPN_Android_launch" name="A03_T02" time="43.441"/>
  <system-out/>
  <testcase classname="eWalker_SSL_VPN_V10.eWalker_SSL_VPN_Android_launch" name="A03_T03" time="61.576"/>
  <system-out/>
  <testcase classname="eWalker_SSL_VPN_V10.eWalker_SSL_VPN_Android_launch" name="A04_T01" time="87.155"/>
  <system-out/>
  <testcase classname="eWalker_SSL_VPN_V10.eWalker_SSL_VPN_Android_launch" name="A04_T02" time="58.928"/>
  <system-out/>
  <testcase classname="eWalker_SSL_VPN_V10.eWalker_SSL_VPN_Android_launch" name="A04_T03" time="51.766">
    <error message="Expected condition failed: waiting for presence of element located by: By.xpath: /hierarchy/android.widget.Toast (tried for 25 second(s) with 500 milliseconds interval)" type="org.openqa.selenium.TimeoutException">
      <![CDATA[org.openqa.selenium.TimeoutException: Expected condition failed: waiting for presence of element located by: By.xpath: /hierarchy/android.widget.Toast (tried for 25 second(s) with 500 milliseconds interval)
at org.openqa.selenium.support.ui.WebDriverWait.timeoutException(WebDriverWait.java:95)
at org.openqa.selenium.support.ui.FluentWait.until(FluentWait.java:272)
at function.func_appium_android.login_server(func_appium_android.java:345)
at test_case_android.A04_T03.A04_T03_case(A04_T03.java:28)
at eWalker_SSL_VPN_V10.eWalker_SSL_VPN_Android_launch.A04_T03(eWalker_SSL_VPN_Android_launch.java:90)
at java.base/jdk.internal.reflect.NativeMethodAccessorImpl.invoke0(Native Method)
at java.base/jdk.internal.reflect.NativeMethodAccessorImpl.invoke(NativeMethodAccessorImpl.java:77)
at java.base/jdk.internal.reflect.DelegatingMethodAccessorImpl.invoke(DelegatingMethodAccessorImpl.java:43)
at java.base/java.lang.reflect.Method.invoke(Method.java:568)
at org.testng.internal.MethodInvocationHelper.invokeMethod(MethodInvocationHelper.java:132)
at org.testng.internal.TestInvoker.invokeMethod(TestInvoker.java:599)
at org.testng.internal.TestInvoker.invokeTestMethod(TestInvoker.java:174)
at org.testng.internal.MethodRunner.runInSequence(MethodRunner.java:46)
at org.testng.internal.TestInvoker$MethodInvocationAgent.invoke(TestInvoker.java:822)
at org.testng.internal.TestInvoker.invokeTestMethods(TestInvoker.java:147)
at org.testng.internal.TestMethodWorker.invokeTestMethods(TestMethodWorker.java:146)
at org.testng.internal.TestMethodWorker.run(TestMethodWorker.java:128)
at java.base/java.util.ArrayList.forEach(ArrayList.java:1511)
at org.testng.TestRunner.privateRun(TestRunner.java:764)
at org.testng.TestRunner.run(TestRunner.java:585)
at org.testng.SuiteRunner.runTest(SuiteRunner.java:384)
at org.testng.SuiteRunner.runSequentially(SuiteRunner.java:378)
at org.testng.SuiteRunner.privateRun(SuiteRunner.java:337)
at org.testng.SuiteRunner.run(SuiteRunner.java:286)
at org.testng.SuiteRunnerWorker.runSuite(SuiteRunnerWorker.java:53)
at org.testng.SuiteRunnerWorker.run(SuiteRunnerWorker.java:96)
at org.testng.TestNG.runSuitesSequentially(TestNG.java:1218)
at org.testng.TestNG.runSuitesLocally(TestNG.java:1140)
at org.testng.TestNG.runSuites(TestNG.java:1069)
at org.testng.TestNG.run(TestNG.java:1037)
at org.testng.remote.AbstractRemoteTestNG.run(AbstractRemoteTestNG.java:115)
at org.testng.remote.RemoteTestNG.initAndRun(RemoteTestNG.java:251)
at org.testng.remote.RemoteTestNG.main(RemoteTestNG.java:77)
Caused by: org.openqa.selenium.NoSuchElementException: An element could not be located on the page using the given search parameters.
For documentation on this error, please visit: https://www.seleniumhq.org/exceptions/no_such_element.html
Build info: version: '3.141.59', revision: 'e82be7d358', time: '2018-11-14T08:17:03'
System info: host: 'SOOSANui-MacBookAir.local', ip: 'fe80:0:0:0:14a8:2e5:7cd6:cc9a%en0', os.name: 'Mac OS X', os.arch: 'aarch64', os.version: '13.3.1', java.version: '17.0.6'
Driver info: io.appium.java_client.android.AndroidDriver
Capabilities {databaseEnabled: false, desired: {deviceName: SM-G991N, platformName: android, platformversion: 12, uuid: R3CRC0MAAKN}, deviceApiLevel: 30, deviceManufacturer: samsung, deviceModel: SM-T735N, deviceName: R54R8002EJY, deviceScreenDensity: 340, deviceScreenSize: 1600x2560, deviceUDID: R54R8002EJY, javascriptEnabled: true, locationContextEnabled: false, networkConnectionEnabled: true, pixelRatio: 2.125, platform: LINUX, platformName: Android, platformVersion: 11, platformversion: 12, statBarHeight: 51, takesScreenshot: true, uuid: R3CRC0MAAKN, viewportRect: {height: 2407, left: 0, top: 51, width: 1600}, warnings: {}, webStorageEnabled: false}
Session ID: 2ef3adf0-ad83-4d8b-880c-d038b81af07c
*** Element info: {Using=xpath, value=/hierarchy/android.widget.Toast}
at jdk.internal.reflect.GeneratedConstructorAccessor13.newInstance(Unknown Source)
at java.base/jdk.internal.reflect.DelegatingConstructorAccessorImpl.newInstance(DelegatingConstructorAccessorImpl.java:45)
at java.base/java.lang.reflect.Constructor.newInstanceWithCaller(Constructor.java:499)
at java.base/java.lang.reflect.Constructor.newInstance(Constructor.java:480)
at org.openqa.selenium.remote.http.W3CHttpResponseCodec.createException(W3CHttpResponseCodec.java:187)
at org.openqa.selenium.remote.http.W3CHttpResponseCodec.decode(W3CHttpResponseCodec.java:122)
at org.openqa.selenium.remote.http.W3CHttpResponseCodec.decode(W3CHttpResponseCodec.java:49)
at org.openqa.selenium.remote.HttpCommandExecutor.execute(HttpCommandExecutor.java:158)
at io.appium.java_client.remote.AppiumCommandExecutor.execute(AppiumCommandExecutor.java:239)
at org.openqa.selenium.remote.RemoteWebDriver.execute(RemoteWebDriver.java:552)
at io.appium.java_client.DefaultGenericMobileDriver.execute(DefaultGenericMobileDriver.java:41)
at io.appium.java_client.AppiumDriver.execute(AppiumDriver.java:1)
at io.appium.java_client.android.AndroidDriver.execute(AndroidDriver.java:1)
at org.openqa.selenium.remote.RemoteWebDriver.findElement(RemoteWebDriver.java:323)
at io.appium.java_client.DefaultGenericMobileDriver.findElement(DefaultGenericMobileDriver.java:61)
at io.appium.java_client.AppiumDriver.findElement(AppiumDriver.java:1)
at io.appium.java_client.android.AndroidDriver.findElement(AndroidDriver.java:1)
at org.openqa.selenium.remote.RemoteWebDriver.findElementByXPath(RemoteWebDriver.java:428)
at io.appium.java_client.DefaultGenericMobileDriver.findElementByXPath(DefaultGenericMobileDriver.java:151)
at io.appium.java_client.AppiumDriver.findElementByXPath(AppiumDriver.java:1)
at io.appium.java_client.android.AndroidDriver.findElementByXPath(AndroidDriver.java:1)
at org.openqa.selenium.By$ByXPath.findElement(By.java:353)
at org.openqa.selenium.remote.RemoteWebDriver.findElement(RemoteWebDriver.java:315)
at io.appium.java_client.DefaultGenericMobileDriver.findElement(DefaultGenericMobileDriver.java:57)
at io.appium.java_client.AppiumDriver.findElement(AppiumDriver.java:1)
at io.appium.java_client.android.AndroidDriver.findElement(AndroidDriver.java:1)
at org.openqa.selenium.support.ui.ExpectedConditions$6.apply(ExpectedConditions.java:182)
at org.openqa.selenium.support.ui.ExpectedConditions$6.apply(ExpectedConditions.java:179)
at org.openqa.selenium.support.ui.FluentWait.until(FluentWait.java:249)
... 31 more
]]>
    </error>
  </testcase> <!-- A04_T03 -->
  <system-out/>
  <testcase classname="eWalker_SSL_VPN_V10.eWalker_SSL_VPN_Android_launch" name="A04_T04" time="897.923"/>
  <system-out/>
  <testcase classname="eWalker_SSL_VPN_V10.eWalker_SSL_VPN_Android_launch" name="A04_T05" time="56.691"/>
  <system-out/>
  <testcase classname="eWalker_SSL_VPN_V10.eWalker_SSL_VPN_Android_launch" name="A04_T06" time="135.971"/>
  <system-out/>
  <testcase classname="eWalker_SSL_VPN_V10.eWalker_SSL_VPN_Android_launch" name="A04_T07" time="54.021"/>
  <system-out/>
  <testcase classname="eWalker_SSL_VPN_V10.eWalker_SSL_VPN_Android_launch" name="A04_T08" time="55.060"/>
  <system-out/>
  <testcase classname="eWalker_SSL_VPN_V10.eWalker_SSL_VPN_Android_launch" name="A04_T09" time="225.866"/>
  <system-out/>
  <testcase classname="eWalker_SSL_VPN_V10.eWalker_SSL_VPN_Android_launch" name="A06_T01" time="54.093"/>
  <system-out/>
  <testcase classname="eWalker_SSL_VPN_V10.eWalker_SSL_VPN_Android_launch" name="A06_T02" time="197.453"/>
  <system-out/>
  <testcase classname="eWalker_SSL_VPN_V10.eWalker_SSL_VPN_Android_launch" name="A06_T03" time="42.868"/>
  <system-out/>
  <testcase classname="eWalker_SSL_VPN_V10.eWalker_SSL_VPN_Android_launch" name="A06_T05" time="71.658"/>
  <system-out/>
  <testcase classname="eWalker_SSL_VPN_V10.eWalker_SSL_VPN_Android_launch" name="A06_T06" time="33.895">
    <error message="An unknown server-side error occurred while processing the command. Original error: Cannot activate &#039;com.dreammirae.anyauth.android&#039;. Original error: Error executing adbExec. Original error: &#039;Command &#039;/Users/soosanint/Library/Android/sdk/platform-tools/adb -P 5037 -s R54R8002EJY shell monkey -p com.dreammirae.anyauth.android -c android.intent.category.LAUNCHER 1&#039; exited with code 252&#039;; Command output: args: [-p, com.dreammirae.anyauth.android, -c, android.intent.category.LAUNCHER, 1]
 arg: &quot;-p&quot;
 arg: &quot;com.dreammirae.anyauth.android&quot;
 arg: &quot;-c&quot;
 arg: &quot;android.intent.category.LAUNCHER&quot;
 arg: &quot;1&quot;
data=&quot;com.dreammirae.anyauth.android&quot;
data=&quot;android.intent.category.LAUNCHER&quot;

Build info: version: &#039;3.141.59&#039;, revision: &#039;e82be7d358&#039;, time: &#039;2018-11-14T08:17:03&#039;
System info: host: &#039;SOOSANui-MacBookAir.local&#039;, ip: &#039;fe80:0:0:0:14a8:2e5:7cd6:cc9a%en0&#039;, os.name: &#039;Mac OS X&#039;, os.arch: &#039;aarch64&#039;, os.version: &#039;13.3.1&#039;, java.version: &#039;17.0.6&#039;
Driver info: io.appium.java_client.android.AndroidDriver
Capabilities {databaseEnabled: false, desired: {deviceName: SM-G991N, platformName: android, platformversion: 12, uuid: R3CRC0MAAKN}, deviceApiLevel: 30, deviceManufacturer: samsung, deviceModel: SM-T735N, deviceName: R54R8002EJY, deviceScreenDensity: 340, deviceScreenSize: 1600x2560, deviceUDID: R54R8002EJY, javascriptEnabled: true, locationContextEnabled: false, networkConnectionEnabled: true, pixelRatio: 2.125, platform: LINUX, platformName: Android, platformVersion: 11, platformversion: 12, statBarHeight: 51, takesScreenshot: true, uuid: R3CRC0MAAKN, viewportRect: {height: 2407, left: 0, top: 51, width: 1600}, warnings: {}, webStorageEnabled: false}
Session ID: 2ef3adf0-ad83-4d8b-880c-d038b81af07c" type="org.openqa.selenium.WebDriverException">
      <![CDATA[org.openqa.selenium.WebDriverException: An unknown server-side error occurred while processing the command. Original error: Cannot activate 'com.dreammirae.anyauth.android'. Original error: Error executing adbExec. Original error: 'Command '/Users/soosanint/Library/Android/sdk/platform-tools/adb -P 5037 -s R54R8002EJY shell monkey -p com.dreammirae.anyauth.android -c android.intent.category.LAUNCHER 1' exited with code 252'; Command output: args: [-p, com.dreammirae.anyauth.android, -c, android.intent.category.LAUNCHER, 1]
 arg: "-p"
 arg: "com.dreammirae.anyauth.android"
 arg: "-c"
 arg: "android.intent.category.LAUNCHER"
 arg: "1"
data="com.dreammirae.anyauth.android"
data="android.intent.category.LAUNCHER"

Build info: version: '3.141.59', revision: 'e82be7d358', time: '2018-11-14T08:17:03'
System info: host: 'SOOSANui-MacBookAir.local', ip: 'fe80:0:0:0:14a8:2e5:7cd6:cc9a%en0', os.name: 'Mac OS X', os.arch: 'aarch64', os.version: '13.3.1', java.version: '17.0.6'
Driver info: io.appium.java_client.android.AndroidDriver
Capabilities {databaseEnabled: false, desired: {deviceName: SM-G991N, platformName: android, platformversion: 12, uuid: R3CRC0MAAKN}, deviceApiLevel: 30, deviceManufacturer: samsung, deviceModel: SM-T735N, deviceName: R54R8002EJY, deviceScreenDensity: 340, deviceScreenSize: 1600x2560, deviceUDID: R54R8002EJY, javascriptEnabled: true, locationContextEnabled: false, networkConnectionEnabled: true, pixelRatio: 2.125, platform: LINUX, platformName: Android, platformVersion: 11, platformversion: 12, statBarHeight: 51, takesScreenshot: true, uuid: R3CRC0MAAKN, viewportRect: {height: 2407, left: 0, top: 51, width: 1600}, warnings: {}, webStorageEnabled: false}
Session ID: 2ef3adf0-ad83-4d8b-880c-d038b81af07c
at java.base/jdk.internal.reflect.NativeConstructorAccessorImpl.newInstance0(Native Method)
at java.base/jdk.internal.reflect.NativeConstructorAccessorImpl.newInstance(NativeConstructorAccessorImpl.java:77)
at java.base/jdk.internal.reflect.DelegatingConstructorAccessorImpl.newInstance(DelegatingConstructorAccessorImpl.java:45)
at java.base/java.lang.reflect.Constructor.newInstanceWithCaller(Constructor.java:499)
at java.base/java.lang.reflect.Constructor.newInstance(Constructor.java:480)
at org.openqa.selenium.remote.http.W3CHttpResponseCodec.createException(W3CHttpResponseCodec.java:187)
at org.openqa.selenium.remote.http.W3CHttpResponseCodec.decode(W3CHttpResponseCodec.java:122)
at org.openqa.selenium.remote.http.W3CHttpResponseCodec.decode(W3CHttpResponseCodec.java:49)
at org.openqa.selenium.remote.HttpCommandExecutor.execute(HttpCommandExecutor.java:158)
at io.appium.java_client.remote.AppiumCommandExecutor.execute(AppiumCommandExecutor.java:239)
at org.openqa.selenium.remote.RemoteWebDriver.execute(RemoteWebDriver.java:552)
at io.appium.java_client.DefaultGenericMobileDriver.execute(DefaultGenericMobileDriver.java:41)
at io.appium.java_client.AppiumDriver.execute(AppiumDriver.java:1)
at io.appium.java_client.android.AndroidDriver.execute(AndroidDriver.java:1)
at io.appium.java_client.CommandExecutionHelper.execute(CommandExecutionHelper.java:27)
at io.appium.java_client.InteractsWithApps.activateApp(InteractsWithApps.java:166)
at io.appium.java_client.InteractsWithApps.activateApp(InteractsWithApps.java:150)
at function.func_appium_android.activate_app(func_appium_android.java:427)
at function.func_appium_android.login_server(func_appium_android.java:305)
at test_case_android.A06_T06.A06_T06_case(A06_T06.java:32)
at eWalker_SSL_VPN_V10.eWalker_SSL_VPN_Android_launch.A06_T06(eWalker_SSL_VPN_Android_launch.java:156)
at java.base/jdk.internal.reflect.NativeMethodAccessorImpl.invoke0(Native Method)
at java.base/jdk.internal.reflect.NativeMethodAccessorImpl.invoke(NativeMethodAccessorImpl.java:77)
at java.base/jdk.internal.reflect.DelegatingMethodAccessorImpl.invoke(DelegatingMethodAccessorImpl.java:43)
at java.base/java.lang.reflect.Method.invoke(Method.java:568)
at org.testng.internal.MethodInvocationHelper.invokeMethod(MethodInvocationHelper.java:132)
at org.testng.internal.TestInvoker.invokeMethod(TestInvoker.java:599)
at org.testng.internal.TestInvoker.invokeTestMethod(TestInvoker.java:174)
at org.testng.internal.MethodRunner.runInSequence(MethodRunner.java:46)
at org.testng.internal.TestInvoker$MethodInvocationAgent.invoke(TestInvoker.java:822)
at org.testng.internal.TestInvoker.invokeTestMethods(TestInvoker.java:147)
at org.testng.internal.TestMethodWorker.invokeTestMethods(TestMethodWorker.java:146)
at org.testng.internal.TestMethodWorker.run(TestMethodWorker.java:128)
at java.base/java.util.ArrayList.forEach(ArrayList.java:1511)
at org.testng.TestRunner.privateRun(TestRunner.java:764)
at org.testng.TestRunner.run(TestRunner.java:585)
at org.testng.SuiteRunner.runTest(SuiteRunner.java:384)
at org.testng.SuiteRunner.runSequentially(SuiteRunner.java:378)
at org.testng.SuiteRunner.privateRun(SuiteRunner.java:337)
at org.testng.SuiteRunner.run(SuiteRunner.java:286)
at org.testng.SuiteRunnerWorker.runSuite(SuiteRunnerWorker.java:53)
at org.testng.SuiteRunnerWorker.run(SuiteRunnerWorker.java:96)
at org.testng.TestNG.runSuitesSequentially(TestNG.java:1218)
at org.testng.TestNG.runSuitesLocally(TestNG.java:1140)
at org.testng.TestNG.runSuites(TestNG.java:1069)
at org.testng.TestNG.run(TestNG.java:1037)
at org.testng.remote.AbstractRemoteTestNG.run(AbstractRemoteTestNG.java:115)
at org.testng.remote.RemoteTestNG.initAndRun(RemoteTestNG.java:251)
at org.testng.remote.RemoteTestNG.main(RemoteTestNG.java:77)
]]>
    </error>
  </testcase> <!-- A06_T06 -->
  <system-out/>
  <testcase classname="eWalker_SSL_VPN_V10.eWalker_SSL_VPN_Android_launch" name="A07_T01" time="43.756"/>
  <system-out/>
  <testcase classname="eWalker_SSL_VPN_V10.eWalker_SSL_VPN_Android_launch" name="A07_T03" time="68.515"/>
  <system-out/>
  <testcase classname="eWalker_SSL_VPN_V10.eWalker_SSL_VPN_Android_launch" name="A07_T04" time="138.981"/>
  <system-out/>
  <testcase classname="eWalker_SSL_VPN_V10.eWalker_SSL_VPN_Android_launch" name="A07_T05" time="33.857">
    <error message="An unknown server-side error occurred while processing the command. Original error: Cannot activate &#039;com.dreammirae.anyauth.android&#039;. Original error: Error executing adbExec. Original error: &#039;Command &#039;/Users/soosanint/Library/Android/sdk/platform-tools/adb -P 5037 -s R54R8002EJY shell monkey -p com.dreammirae.anyauth.android -c android.intent.category.LAUNCHER 1&#039; exited with code 252&#039;; Command output: args: [-p, com.dreammirae.anyauth.android, -c, android.intent.category.LAUNCHER, 1]
 arg: &quot;-p&quot;
 arg: &quot;com.dreammirae.anyauth.android&quot;
 arg: &quot;-c&quot;
 arg: &quot;android.intent.category.LAUNCHER&quot;
 arg: &quot;1&quot;
data=&quot;com.dreammirae.anyauth.android&quot;
data=&quot;android.intent.category.LAUNCHER&quot;

Build info: version: &#039;3.141.59&#039;, revision: &#039;e82be7d358&#039;, time: &#039;2018-11-14T08:17:03&#039;
System info: host: &#039;SOOSANui-MacBookAir.local&#039;, ip: &#039;fe80:0:0:0:14a8:2e5:7cd6:cc9a%en0&#039;, os.name: &#039;Mac OS X&#039;, os.arch: &#039;aarch64&#039;, os.version: &#039;13.3.1&#039;, java.version: &#039;17.0.6&#039;
Driver info: io.appium.java_client.android.AndroidDriver
Capabilities {databaseEnabled: false, desired: {deviceName: SM-G991N, platformName: android, platformversion: 12, uuid: R3CRC0MAAKN}, deviceApiLevel: 30, deviceManufacturer: samsung, deviceModel: SM-T735N, deviceName: R54R8002EJY, deviceScreenDensity: 340, deviceScreenSize: 1600x2560, deviceUDID: R54R8002EJY, javascriptEnabled: true, locationContextEnabled: false, networkConnectionEnabled: true, pixelRatio: 2.125, platform: LINUX, platformName: Android, platformVersion: 11, platformversion: 12, statBarHeight: 51, takesScreenshot: true, uuid: R3CRC0MAAKN, viewportRect: {height: 2407, left: 0, top: 51, width: 1600}, warnings: {}, webStorageEnabled: false}
Session ID: 2ef3adf0-ad83-4d8b-880c-d038b81af07c" type="org.openqa.selenium.WebDriverException">
      <![CDATA[org.openqa.selenium.WebDriverException: An unknown server-side error occurred while processing the command. Original error: Cannot activate 'com.dreammirae.anyauth.android'. Original error: Error executing adbExec. Original error: 'Command '/Users/soosanint/Library/Android/sdk/platform-tools/adb -P 5037 -s R54R8002EJY shell monkey -p com.dreammirae.anyauth.android -c android.intent.category.LAUNCHER 1' exited with code 252'; Command output: args: [-p, com.dreammirae.anyauth.android, -c, android.intent.category.LAUNCHER, 1]
 arg: "-p"
 arg: "com.dreammirae.anyauth.android"
 arg: "-c"
 arg: "android.intent.category.LAUNCHER"
 arg: "1"
data="com.dreammirae.anyauth.android"
data="android.intent.category.LAUNCHER"

Build info: version: '3.141.59', revision: 'e82be7d358', time: '2018-11-14T08:17:03'
System info: host: 'SOOSANui-MacBookAir.local', ip: 'fe80:0:0:0:14a8:2e5:7cd6:cc9a%en0', os.name: 'Mac OS X', os.arch: 'aarch64', os.version: '13.3.1', java.version: '17.0.6'
Driver info: io.appium.java_client.android.AndroidDriver
Capabilities {databaseEnabled: false, desired: {deviceName: SM-G991N, platformName: android, platformversion: 12, uuid: R3CRC0MAAKN}, deviceApiLevel: 30, deviceManufacturer: samsung, deviceModel: SM-T735N, deviceName: R54R8002EJY, deviceScreenDensity: 340, deviceScreenSize: 1600x2560, deviceUDID: R54R8002EJY, javascriptEnabled: true, locationContextEnabled: false, networkConnectionEnabled: true, pixelRatio: 2.125, platform: LINUX, platformName: Android, platformVersion: 11, platformversion: 12, statBarHeight: 51, takesScreenshot: true, uuid: R3CRC0MAAKN, viewportRect: {height: 2407, left: 0, top: 51, width: 1600}, warnings: {}, webStorageEnabled: false}
Session ID: 2ef3adf0-ad83-4d8b-880c-d038b81af07c
at java.base/jdk.internal.reflect.NativeConstructorAccessorImpl.newInstance0(Native Method)
at java.base/jdk.internal.reflect.NativeConstructorAccessorImpl.newInstance(NativeConstructorAccessorImpl.java:77)
at java.base/jdk.internal.reflect.DelegatingConstructorAccessorImpl.newInstance(DelegatingConstructorAccessorImpl.java:45)
at java.base/java.lang.reflect.Constructor.newInstanceWithCaller(Constructor.java:499)
at java.base/java.lang.reflect.Constructor.newInstance(Constructor.java:480)
at org.openqa.selenium.remote.http.W3CHttpResponseCodec.createException(W3CHttpResponseCodec.java:187)
at org.openqa.selenium.remote.http.W3CHttpResponseCodec.decode(W3CHttpResponseCodec.java:122)
at org.openqa.selenium.remote.http.W3CHttpResponseCodec.decode(W3CHttpResponseCodec.java:49)
at org.openqa.selenium.remote.HttpCommandExecutor.execute(HttpCommandExecutor.java:158)
at io.appium.java_client.remote.AppiumCommandExecutor.execute(AppiumCommandExecutor.java:239)
at org.openqa.selenium.remote.RemoteWebDriver.execute(RemoteWebDriver.java:552)
at io.appium.java_client.DefaultGenericMobileDriver.execute(DefaultGenericMobileDriver.java:41)
at io.appium.java_client.AppiumDriver.execute(AppiumDriver.java:1)
at io.appium.java_client.android.AndroidDriver.execute(AndroidDriver.java:1)
at io.appium.java_client.CommandExecutionHelper.execute(CommandExecutionHelper.java:27)
at io.appium.java_client.InteractsWithApps.activateApp(InteractsWithApps.java:166)
at io.appium.java_client.InteractsWithApps.activateApp(InteractsWithApps.java:150)
at function.func_appium_android.activate_app(func_appium_android.java:427)
at function.func_appium_android.login_server(func_appium_android.java:305)
at test_case_android.A07_T05.A07_T05_case(A07_T05.java:32)
at eWalker_SSL_VPN_V10.eWalker_SSL_VPN_Android_launch.A07_T05(eWalker_SSL_VPN_Android_launch.java:180)
at java.base/jdk.internal.reflect.NativeMethodAccessorImpl.invoke0(Native Method)
at java.base/jdk.internal.reflect.NativeMethodAccessorImpl.invoke(NativeMethodAccessorImpl.java:77)
at java.base/jdk.internal.reflect.DelegatingMethodAccessorImpl.invoke(DelegatingMethodAccessorImpl.java:43)
at java.base/java.lang.reflect.Method.invoke(Method.java:568)
at org.testng.internal.MethodInvocationHelper.invokeMethod(MethodInvocationHelper.java:132)
at org.testng.internal.TestInvoker.invokeMethod(TestInvoker.java:599)
at org.testng.internal.TestInvoker.invokeTestMethod(TestInvoker.java:174)
at org.testng.internal.MethodRunner.runInSequence(MethodRunner.java:46)
at org.testng.internal.TestInvoker$MethodInvocationAgent.invoke(TestInvoker.java:822)
at org.testng.internal.TestInvoker.invokeTestMethods(TestInvoker.java:147)
at org.testng.internal.TestMethodWorker.invokeTestMethods(TestMethodWorker.java:146)
at org.testng.internal.TestMethodWorker.run(TestMethodWorker.java:128)
at java.base/java.util.ArrayList.forEach(ArrayList.java:1511)
at org.testng.TestRunner.privateRun(TestRunner.java:764)
at org.testng.TestRunner.run(TestRunner.java:585)
at org.testng.SuiteRunner.runTest(SuiteRunner.java:384)
at org.testng.SuiteRunner.runSequentially(SuiteRunner.java:378)
at org.testng.SuiteRunner.privateRun(SuiteRunner.java:337)
at org.testng.SuiteRunner.run(SuiteRunner.java:286)
at org.testng.SuiteRunnerWorker.runSuite(SuiteRunnerWorker.java:53)
at org.testng.SuiteRunnerWorker.run(SuiteRunnerWorker.java:96)
at org.testng.TestNG.runSuitesSequentially(TestNG.java:1218)
at org.testng.TestNG.runSuitesLocally(TestNG.java:1140)
at org.testng.TestNG.runSuites(TestNG.java:1069)
at org.testng.TestNG.run(TestNG.java:1037)
at org.testng.remote.AbstractRemoteTestNG.run(AbstractRemoteTestNG.java:115)
at org.testng.remote.RemoteTestNG.initAndRun(RemoteTestNG.java:251)
at org.testng.remote.RemoteTestNG.main(RemoteTestNG.java:77)
]]>
    </error>
  </testcase> <!-- A07_T05 -->
  <system-out/>
  <testcase classname="eWalker_SSL_VPN_V10.eWalker_SSL_VPN_Android_launch" name="A08_T01" time="52.319"/>
  <system-out/>
  <testcase classname="eWalker_SSL_VPN_V10.eWalker_SSL_VPN_Android_launch" name="A08_T04" time="139.526"/>
  <system-out/>
  <testcase classname="eWalker_SSL_VPN_V10.eWalker_SSL_VPN_Android_launch" name="A08_T05" time="32.893">
    <error message="An unknown server-side error occurred while processing the command. Original error: Cannot activate &#039;com.dreammirae.anyauth.android&#039;. Original error: Error executing adbExec. Original error: &#039;Command &#039;/Users/soosanint/Library/Android/sdk/platform-tools/adb -P 5037 -s R54R8002EJY shell monkey -p com.dreammirae.anyauth.android -c android.intent.category.LAUNCHER 1&#039; exited with code 252&#039;; Command output: args: [-p, com.dreammirae.anyauth.android, -c, android.intent.category.LAUNCHER, 1]
 arg: &quot;-p&quot;
 arg: &quot;com.dreammirae.anyauth.android&quot;
 arg: &quot;-c&quot;
 arg: &quot;android.intent.category.LAUNCHER&quot;
 arg: &quot;1&quot;
data=&quot;com.dreammirae.anyauth.android&quot;
data=&quot;android.intent.category.LAUNCHER&quot;

Build info: version: &#039;3.141.59&#039;, revision: &#039;e82be7d358&#039;, time: &#039;2018-11-14T08:17:03&#039;
System info: host: &#039;SOOSANui-MacBookAir.local&#039;, ip: &#039;fe80:0:0:0:14a8:2e5:7cd6:cc9a%en0&#039;, os.name: &#039;Mac OS X&#039;, os.arch: &#039;aarch64&#039;, os.version: &#039;13.3.1&#039;, java.version: &#039;17.0.6&#039;
Driver info: io.appium.java_client.android.AndroidDriver
Capabilities {databaseEnabled: false, desired: {deviceName: SM-G991N, platformName: android, platformversion: 12, uuid: R3CRC0MAAKN}, deviceApiLevel: 30, deviceManufacturer: samsung, deviceModel: SM-T735N, deviceName: R54R8002EJY, deviceScreenDensity: 340, deviceScreenSize: 1600x2560, deviceUDID: R54R8002EJY, javascriptEnabled: true, locationContextEnabled: false, networkConnectionEnabled: true, pixelRatio: 2.125, platform: LINUX, platformName: Android, platformVersion: 11, platformversion: 12, statBarHeight: 51, takesScreenshot: true, uuid: R3CRC0MAAKN, viewportRect: {height: 2407, left: 0, top: 51, width: 1600}, warnings: {}, webStorageEnabled: false}
Session ID: 2ef3adf0-ad83-4d8b-880c-d038b81af07c" type="org.openqa.selenium.WebDriverException">
      <![CDATA[org.openqa.selenium.WebDriverException: An unknown server-side error occurred while processing the command. Original error: Cannot activate 'com.dreammirae.anyauth.android'. Original error: Error executing adbExec. Original error: 'Command '/Users/soosanint/Library/Android/sdk/platform-tools/adb -P 5037 -s R54R8002EJY shell monkey -p com.dreammirae.anyauth.android -c android.intent.category.LAUNCHER 1' exited with code 252'; Command output: args: [-p, com.dreammirae.anyauth.android, -c, android.intent.category.LAUNCHER, 1]
 arg: "-p"
 arg: "com.dreammirae.anyauth.android"
 arg: "-c"
 arg: "android.intent.category.LAUNCHER"
 arg: "1"
data="com.dreammirae.anyauth.android"
data="android.intent.category.LAUNCHER"

Build info: version: '3.141.59', revision: 'e82be7d358', time: '2018-11-14T08:17:03'
System info: host: 'SOOSANui-MacBookAir.local', ip: 'fe80:0:0:0:14a8:2e5:7cd6:cc9a%en0', os.name: 'Mac OS X', os.arch: 'aarch64', os.version: '13.3.1', java.version: '17.0.6'
Driver info: io.appium.java_client.android.AndroidDriver
Capabilities {databaseEnabled: false, desired: {deviceName: SM-G991N, platformName: android, platformversion: 12, uuid: R3CRC0MAAKN}, deviceApiLevel: 30, deviceManufacturer: samsung, deviceModel: SM-T735N, deviceName: R54R8002EJY, deviceScreenDensity: 340, deviceScreenSize: 1600x2560, deviceUDID: R54R8002EJY, javascriptEnabled: true, locationContextEnabled: false, networkConnectionEnabled: true, pixelRatio: 2.125, platform: LINUX, platformName: Android, platformVersion: 11, platformversion: 12, statBarHeight: 51, takesScreenshot: true, uuid: R3CRC0MAAKN, viewportRect: {height: 2407, left: 0, top: 51, width: 1600}, warnings: {}, webStorageEnabled: false}
Session ID: 2ef3adf0-ad83-4d8b-880c-d038b81af07c
at java.base/jdk.internal.reflect.NativeConstructorAccessorImpl.newInstance0(Native Method)
at java.base/jdk.internal.reflect.NativeConstructorAccessorImpl.newInstance(NativeConstructorAccessorImpl.java:77)
at java.base/jdk.internal.reflect.DelegatingConstructorAccessorImpl.newInstance(DelegatingConstructorAccessorImpl.java:45)
at java.base/java.lang.reflect.Constructor.newInstanceWithCaller(Constructor.java:499)
at java.base/java.lang.reflect.Constructor.newInstance(Constructor.java:480)
at org.openqa.selenium.remote.http.W3CHttpResponseCodec.createException(W3CHttpResponseCodec.java:187)
at org.openqa.selenium.remote.http.W3CHttpResponseCodec.decode(W3CHttpResponseCodec.java:122)
at org.openqa.selenium.remote.http.W3CHttpResponseCodec.decode(W3CHttpResponseCodec.java:49)
at org.openqa.selenium.remote.HttpCommandExecutor.execute(HttpCommandExecutor.java:158)
at io.appium.java_client.remote.AppiumCommandExecutor.execute(AppiumCommandExecutor.java:239)
at org.openqa.selenium.remote.RemoteWebDriver.execute(RemoteWebDriver.java:552)
at io.appium.java_client.DefaultGenericMobileDriver.execute(DefaultGenericMobileDriver.java:41)
at io.appium.java_client.AppiumDriver.execute(AppiumDriver.java:1)
at io.appium.java_client.android.AndroidDriver.execute(AndroidDriver.java:1)
at io.appium.java_client.CommandExecutionHelper.execute(CommandExecutionHelper.java:27)
at io.appium.java_client.InteractsWithApps.activateApp(InteractsWithApps.java:166)
at io.appium.java_client.InteractsWithApps.activateApp(InteractsWithApps.java:150)
at function.func_appium_android.activate_app(func_appium_android.java:427)
at function.func_appium_android.login_server(func_appium_android.java:305)
at test_case_android.A08_T05.A08_T05_case(A08_T05.java:33)
at eWalker_SSL_VPN_V10.eWalker_SSL_VPN_Android_launch.A08_T05(eWalker_SSL_VPN_Android_launch.java:198)
at java.base/jdk.internal.reflect.NativeMethodAccessorImpl.invoke0(Native Method)
at java.base/jdk.internal.reflect.NativeMethodAccessorImpl.invoke(NativeMethodAccessorImpl.java:77)
at java.base/jdk.internal.reflect.DelegatingMethodAccessorImpl.invoke(DelegatingMethodAccessorImpl.java:43)
at java.base/java.lang.reflect.Method.invoke(Method.java:568)
at org.testng.internal.MethodInvocationHelper.invokeMethod(MethodInvocationHelper.java:132)
at org.testng.internal.TestInvoker.invokeMethod(TestInvoker.java:599)
at org.testng.internal.TestInvoker.invokeTestMethod(TestInvoker.java:174)
at org.testng.internal.MethodRunner.runInSequence(MethodRunner.java:46)
at org.testng.internal.TestInvoker$MethodInvocationAgent.invoke(TestInvoker.java:822)
at org.testng.internal.TestInvoker.invokeTestMethods(TestInvoker.java:147)
at org.testng.internal.TestMethodWorker.invokeTestMethods(TestMethodWorker.java:146)
at org.testng.internal.TestMethodWorker.run(TestMethodWorker.java:128)
at java.base/java.util.ArrayList.forEach(ArrayList.java:1511)
at org.testng.TestRunner.privateRun(TestRunner.java:764)
at org.testng.TestRunner.run(TestRunner.java:585)
at org.testng.SuiteRunner.runTest(SuiteRunner.java:384)
at org.testng.SuiteRunner.runSequentially(SuiteRunner.java:378)
at org.testng.SuiteRunner.privateRun(SuiteRunner.java:337)
at org.testng.SuiteRunner.run(SuiteRunner.java:286)
at org.testng.SuiteRunnerWorker.runSuite(SuiteRunnerWorker.java:53)
at org.testng.SuiteRunnerWorker.run(SuiteRunnerWorker.java:96)
at org.testng.TestNG.runSuitesSequentially(TestNG.java:1218)
at org.testng.TestNG.runSuitesLocally(TestNG.java:1140)
at org.testng.TestNG.runSuites(TestNG.java:1069)
at org.testng.TestNG.run(TestNG.java:1037)
at org.testng.remote.AbstractRemoteTestNG.run(AbstractRemoteTestNG.java:115)
at org.testng.remote.RemoteTestNG.initAndRun(RemoteTestNG.java:251)
at org.testng.remote.RemoteTestNG.main(RemoteTestNG.java:77)
]]>
    </error>
  </testcase> <!-- A08_T05 -->
  <system-out/>
  <testcase classname="eWalker_SSL_VPN_V10.eWalker_SSL_VPN_Android_launch" name="A09_T01" time="52.454"/>
  <system-out/>
  <testcase classname="eWalker_SSL_VPN_V10.eWalker_SSL_VPN_Android_launch" name="A09_T03" time="70.122"/>
  <system-out/>
  <testcase classname="eWalker_SSL_VPN_V10.eWalker_SSL_VPN_Android_launch" name="A09_T04" time="200.666"/>
  <system-out/>
  <testcase classname="eWalker_SSL_VPN_V10.eWalker_SSL_VPN_Android_launch" name="A09_T05" time="33.303">
    <error message="An unknown server-side error occurred while processing the command. Original error: Cannot activate &#039;com.dreammirae.anyauth.android&#039;. Original error: Error executing adbExec. Original error: &#039;Command &#039;/Users/soosanint/Library/Android/sdk/platform-tools/adb -P 5037 -s R54R8002EJY shell monkey -p com.dreammirae.anyauth.android -c android.intent.category.LAUNCHER 1&#039; exited with code 252&#039;; Command output: args: [-p, com.dreammirae.anyauth.android, -c, android.intent.category.LAUNCHER, 1]
 arg: &quot;-p&quot;
 arg: &quot;com.dreammirae.anyauth.android&quot;
 arg: &quot;-c&quot;
 arg: &quot;android.intent.category.LAUNCHER&quot;
 arg: &quot;1&quot;
data=&quot;com.dreammirae.anyauth.android&quot;
data=&quot;android.intent.category.LAUNCHER&quot;

Build info: version: &#039;3.141.59&#039;, revision: &#039;e82be7d358&#039;, time: &#039;2018-11-14T08:17:03&#039;
System info: host: &#039;SOOSANui-MacBookAir.local&#039;, ip: &#039;fe80:0:0:0:14a8:2e5:7cd6:cc9a%en0&#039;, os.name: &#039;Mac OS X&#039;, os.arch: &#039;aarch64&#039;, os.version: &#039;13.3.1&#039;, java.version: &#039;17.0.6&#039;
Driver info: io.appium.java_client.android.AndroidDriver
Capabilities {databaseEnabled: false, desired: {deviceName: SM-G991N, platformName: android, platformversion: 12, uuid: R3CRC0MAAKN}, deviceApiLevel: 30, deviceManufacturer: samsung, deviceModel: SM-T735N, deviceName: R54R8002EJY, deviceScreenDensity: 340, deviceScreenSize: 1600x2560, deviceUDID: R54R8002EJY, javascriptEnabled: true, locationContextEnabled: false, networkConnectionEnabled: true, pixelRatio: 2.125, platform: LINUX, platformName: Android, platformVersion: 11, platformversion: 12, statBarHeight: 51, takesScreenshot: true, uuid: R3CRC0MAAKN, viewportRect: {height: 2407, left: 0, top: 51, width: 1600}, warnings: {}, webStorageEnabled: false}
Session ID: 2ef3adf0-ad83-4d8b-880c-d038b81af07c" type="org.openqa.selenium.WebDriverException">
      <![CDATA[org.openqa.selenium.WebDriverException: An unknown server-side error occurred while processing the command. Original error: Cannot activate 'com.dreammirae.anyauth.android'. Original error: Error executing adbExec. Original error: 'Command '/Users/soosanint/Library/Android/sdk/platform-tools/adb -P 5037 -s R54R8002EJY shell monkey -p com.dreammirae.anyauth.android -c android.intent.category.LAUNCHER 1' exited with code 252'; Command output: args: [-p, com.dreammirae.anyauth.android, -c, android.intent.category.LAUNCHER, 1]
 arg: "-p"
 arg: "com.dreammirae.anyauth.android"
 arg: "-c"
 arg: "android.intent.category.LAUNCHER"
 arg: "1"
data="com.dreammirae.anyauth.android"
data="android.intent.category.LAUNCHER"

Build info: version: '3.141.59', revision: 'e82be7d358', time: '2018-11-14T08:17:03'
System info: host: 'SOOSANui-MacBookAir.local', ip: 'fe80:0:0:0:14a8:2e5:7cd6:cc9a%en0', os.name: 'Mac OS X', os.arch: 'aarch64', os.version: '13.3.1', java.version: '17.0.6'
Driver info: io.appium.java_client.android.AndroidDriver
Capabilities {databaseEnabled: false, desired: {deviceName: SM-G991N, platformName: android, platformversion: 12, uuid: R3CRC0MAAKN}, deviceApiLevel: 30, deviceManufacturer: samsung, deviceModel: SM-T735N, deviceName: R54R8002EJY, deviceScreenDensity: 340, deviceScreenSize: 1600x2560, deviceUDID: R54R8002EJY, javascriptEnabled: true, locationContextEnabled: false, networkConnectionEnabled: true, pixelRatio: 2.125, platform: LINUX, platformName: Android, platformVersion: 11, platformversion: 12, statBarHeight: 51, takesScreenshot: true, uuid: R3CRC0MAAKN, viewportRect: {height: 2407, left: 0, top: 51, width: 1600}, warnings: {}, webStorageEnabled: false}
Session ID: 2ef3adf0-ad83-4d8b-880c-d038b81af07c
at java.base/jdk.internal.reflect.NativeConstructorAccessorImpl.newInstance0(Native Method)
at java.base/jdk.internal.reflect.NativeConstructorAccessorImpl.newInstance(NativeConstructorAccessorImpl.java:77)
at java.base/jdk.internal.reflect.DelegatingConstructorAccessorImpl.newInstance(DelegatingConstructorAccessorImpl.java:45)
at java.base/java.lang.reflect.Constructor.newInstanceWithCaller(Constructor.java:499)
at java.base/java.lang.reflect.Constructor.newInstance(Constructor.java:480)
at org.openqa.selenium.remote.http.W3CHttpResponseCodec.createException(W3CHttpResponseCodec.java:187)
at org.openqa.selenium.remote.http.W3CHttpResponseCodec.decode(W3CHttpResponseCodec.java:122)
at org.openqa.selenium.remote.http.W3CHttpResponseCodec.decode(W3CHttpResponseCodec.java:49)
at org.openqa.selenium.remote.HttpCommandExecutor.execute(HttpCommandExecutor.java:158)
at io.appium.java_client.remote.AppiumCommandExecutor.execute(AppiumCommandExecutor.java:239)
at org.openqa.selenium.remote.RemoteWebDriver.execute(RemoteWebDriver.java:552)
at io.appium.java_client.DefaultGenericMobileDriver.execute(DefaultGenericMobileDriver.java:41)
at io.appium.java_client.AppiumDriver.execute(AppiumDriver.java:1)
at io.appium.java_client.android.AndroidDriver.execute(AndroidDriver.java:1)
at io.appium.java_client.CommandExecutionHelper.execute(CommandExecutionHelper.java:27)
at io.appium.java_client.InteractsWithApps.activateApp(InteractsWithApps.java:166)
at io.appium.java_client.InteractsWithApps.activateApp(InteractsWithApps.java:150)
at function.func_appium_android.activate_app(func_appium_android.java:427)
at function.func_appium_android.login_server(func_appium_android.java:305)
at test_case_android.A09_T05.A09_T05_case(A09_T05.java:32)
at eWalker_SSL_VPN_V10.eWalker_SSL_VPN_Android_launch.A09_T05(eWalker_SSL_VPN_Android_launch.java:222)
at java.base/jdk.internal.reflect.NativeMethodAccessorImpl.invoke0(Native Method)
at java.base/jdk.internal.reflect.NativeMethodAccessorImpl.invoke(NativeMethodAccessorImpl.java:77)
at java.base/jdk.internal.reflect.DelegatingMethodAccessorImpl.invoke(DelegatingMethodAccessorImpl.java:43)
at java.base/java.lang.reflect.Method.invoke(Method.java:568)
at org.testng.internal.MethodInvocationHelper.invokeMethod(MethodInvocationHelper.java:132)
at org.testng.internal.TestInvoker.invokeMethod(TestInvoker.java:599)
at org.testng.internal.TestInvoker.invokeTestMethod(TestInvoker.java:174)
at org.testng.internal.MethodRunner.runInSequence(MethodRunner.java:46)
at org.testng.internal.TestInvoker$MethodInvocationAgent.invoke(TestInvoker.java:822)
at org.testng.internal.TestInvoker.invokeTestMethods(TestInvoker.java:147)
at org.testng.internal.TestMethodWorker.invokeTestMethods(TestMethodWorker.java:146)
at org.testng.internal.TestMethodWorker.run(TestMethodWorker.java:128)
at java.base/java.util.ArrayList.forEach(ArrayList.java:1511)
at org.testng.TestRunner.privateRun(TestRunner.java:764)
at org.testng.TestRunner.run(TestRunner.java:585)
at org.testng.SuiteRunner.runTest(SuiteRunner.java:384)
at org.testng.SuiteRunner.runSequentially(SuiteRunner.java:378)
at org.testng.SuiteRunner.privateRun(SuiteRunner.java:337)
at org.testng.SuiteRunner.run(SuiteRunner.java:286)
at org.testng.SuiteRunnerWorker.runSuite(SuiteRunnerWorker.java:53)
at org.testng.SuiteRunnerWorker.run(SuiteRunnerWorker.java:96)
at org.testng.TestNG.runSuitesSequentially(TestNG.java:1218)
at org.testng.TestNG.runSuitesLocally(TestNG.java:1140)
at org.testng.TestNG.runSuites(TestNG.java:1069)
at org.testng.TestNG.run(TestNG.java:1037)
at org.testng.remote.AbstractRemoteTestNG.run(AbstractRemoteTestNG.java:115)
at org.testng.remote.RemoteTestNG.initAndRun(RemoteTestNG.java:251)
at org.testng.remote.RemoteTestNG.main(RemoteTestNG.java:77)
]]>
    </error>
  </testcase> <!-- A09_T05 -->
  <system-out/>
  <testcase classname="eWalker_SSL_VPN_V10.eWalker_SSL_VPN_Android_launch" name="A10_T01" time="52.376"/>
  <system-out/>
  <testcase classname="eWalker_SSL_VPN_V10.eWalker_SSL_VPN_Android_launch" name="A10_T03" time="69.974"/>
  <system-out/>
  <testcase classname="eWalker_SSL_VPN_V10.eWalker_SSL_VPN_Android_launch" name="A10_T04" time="197.794"/>
  <system-out/>
  <testcase classname="eWalker_SSL_VPN_V10.eWalker_SSL_VPN_Android_launch" name="A10_T05" time="33.536">
    <error message="An unknown server-side error occurred while processing the command. Original error: Cannot activate &#039;com.dreammirae.anyauth.android&#039;. Original error: Error executing adbExec. Original error: &#039;Command &#039;/Users/soosanint/Library/Android/sdk/platform-tools/adb -P 5037 -s R54R8002EJY shell monkey -p com.dreammirae.anyauth.android -c android.intent.category.LAUNCHER 1&#039; exited with code 252&#039;; Command output: args: [-p, com.dreammirae.anyauth.android, -c, android.intent.category.LAUNCHER, 1]
 arg: &quot;-p&quot;
 arg: &quot;com.dreammirae.anyauth.android&quot;
 arg: &quot;-c&quot;
 arg: &quot;android.intent.category.LAUNCHER&quot;
 arg: &quot;1&quot;
data=&quot;com.dreammirae.anyauth.android&quot;
data=&quot;android.intent.category.LAUNCHER&quot;

Build info: version: &#039;3.141.59&#039;, revision: &#039;e82be7d358&#039;, time: &#039;2018-11-14T08:17:03&#039;
System info: host: &#039;SOOSANui-MacBookAir.local&#039;, ip: &#039;fe80:0:0:0:14a8:2e5:7cd6:cc9a%en0&#039;, os.name: &#039;Mac OS X&#039;, os.arch: &#039;aarch64&#039;, os.version: &#039;13.3.1&#039;, java.version: &#039;17.0.6&#039;
Driver info: io.appium.java_client.android.AndroidDriver
Capabilities {databaseEnabled: false, desired: {deviceName: SM-G991N, platformName: android, platformversion: 12, uuid: R3CRC0MAAKN}, deviceApiLevel: 30, deviceManufacturer: samsung, deviceModel: SM-T735N, deviceName: R54R8002EJY, deviceScreenDensity: 340, deviceScreenSize: 1600x2560, deviceUDID: R54R8002EJY, javascriptEnabled: true, locationContextEnabled: false, networkConnectionEnabled: true, pixelRatio: 2.125, platform: LINUX, platformName: Android, platformVersion: 11, platformversion: 12, statBarHeight: 51, takesScreenshot: true, uuid: R3CRC0MAAKN, viewportRect: {height: 2407, left: 0, top: 51, width: 1600}, warnings: {}, webStorageEnabled: false}
Session ID: 2ef3adf0-ad83-4d8b-880c-d038b81af07c" type="org.openqa.selenium.WebDriverException">
      <![CDATA[org.openqa.selenium.WebDriverException: An unknown server-side error occurred while processing the command. Original error: Cannot activate 'com.dreammirae.anyauth.android'. Original error: Error executing adbExec. Original error: 'Command '/Users/soosanint/Library/Android/sdk/platform-tools/adb -P 5037 -s R54R8002EJY shell monkey -p com.dreammirae.anyauth.android -c android.intent.category.LAUNCHER 1' exited with code 252'; Command output: args: [-p, com.dreammirae.anyauth.android, -c, android.intent.category.LAUNCHER, 1]
 arg: "-p"
 arg: "com.dreammirae.anyauth.android"
 arg: "-c"
 arg: "android.intent.category.LAUNCHER"
 arg: "1"
data="com.dreammirae.anyauth.android"
data="android.intent.category.LAUNCHER"

Build info: version: '3.141.59', revision: 'e82be7d358', time: '2018-11-14T08:17:03'
System info: host: 'SOOSANui-MacBookAir.local', ip: 'fe80:0:0:0:14a8:2e5:7cd6:cc9a%en0', os.name: 'Mac OS X', os.arch: 'aarch64', os.version: '13.3.1', java.version: '17.0.6'
Driver info: io.appium.java_client.android.AndroidDriver
Capabilities {databaseEnabled: false, desired: {deviceName: SM-G991N, platformName: android, platformversion: 12, uuid: R3CRC0MAAKN}, deviceApiLevel: 30, deviceManufacturer: samsung, deviceModel: SM-T735N, deviceName: R54R8002EJY, deviceScreenDensity: 340, deviceScreenSize: 1600x2560, deviceUDID: R54R8002EJY, javascriptEnabled: true, locationContextEnabled: false, networkConnectionEnabled: true, pixelRatio: 2.125, platform: LINUX, platformName: Android, platformVersion: 11, platformversion: 12, statBarHeight: 51, takesScreenshot: true, uuid: R3CRC0MAAKN, viewportRect: {height: 2407, left: 0, top: 51, width: 1600}, warnings: {}, webStorageEnabled: false}
Session ID: 2ef3adf0-ad83-4d8b-880c-d038b81af07c
at java.base/jdk.internal.reflect.NativeConstructorAccessorImpl.newInstance0(Native Method)
at java.base/jdk.internal.reflect.NativeConstructorAccessorImpl.newInstance(NativeConstructorAccessorImpl.java:77)
at java.base/jdk.internal.reflect.DelegatingConstructorAccessorImpl.newInstance(DelegatingConstructorAccessorImpl.java:45)
at java.base/java.lang.reflect.Constructor.newInstanceWithCaller(Constructor.java:499)
at java.base/java.lang.reflect.Constructor.newInstance(Constructor.java:480)
at org.openqa.selenium.remote.http.W3CHttpResponseCodec.createException(W3CHttpResponseCodec.java:187)
at org.openqa.selenium.remote.http.W3CHttpResponseCodec.decode(W3CHttpResponseCodec.java:122)
at org.openqa.selenium.remote.http.W3CHttpResponseCodec.decode(W3CHttpResponseCodec.java:49)
at org.openqa.selenium.remote.HttpCommandExecutor.execute(HttpCommandExecutor.java:158)
at io.appium.java_client.remote.AppiumCommandExecutor.execute(AppiumCommandExecutor.java:239)
at org.openqa.selenium.remote.RemoteWebDriver.execute(RemoteWebDriver.java:552)
at io.appium.java_client.DefaultGenericMobileDriver.execute(DefaultGenericMobileDriver.java:41)
at io.appium.java_client.AppiumDriver.execute(AppiumDriver.java:1)
at io.appium.java_client.android.AndroidDriver.execute(AndroidDriver.java:1)
at io.appium.java_client.CommandExecutionHelper.execute(CommandExecutionHelper.java:27)
at io.appium.java_client.InteractsWithApps.activateApp(InteractsWithApps.java:166)
at io.appium.java_client.InteractsWithApps.activateApp(InteractsWithApps.java:150)
at function.func_appium_android.activate_app(func_appium_android.java:427)
at function.func_appium_android.login_server(func_appium_android.java:305)
at test_case_android.A10_T05.A10_T05_case(A10_T05.java:32)
at eWalker_SSL_VPN_V10.eWalker_SSL_VPN_Android_launch.A10_T05(eWalker_SSL_VPN_Android_launch.java:246)
at java.base/jdk.internal.reflect.NativeMethodAccessorImpl.invoke0(Native Method)
at java.base/jdk.internal.reflect.NativeMethodAccessorImpl.invoke(NativeMethodAccessorImpl.java:77)
at java.base/jdk.internal.reflect.DelegatingMethodAccessorImpl.invoke(DelegatingMethodAccessorImpl.java:43)
at java.base/java.lang.reflect.Method.invoke(Method.java:568)
at org.testng.internal.MethodInvocationHelper.invokeMethod(MethodInvocationHelper.java:132)
at org.testng.internal.TestInvoker.invokeMethod(TestInvoker.java:599)
at org.testng.internal.TestInvoker.invokeTestMethod(TestInvoker.java:174)
at org.testng.internal.MethodRunner.runInSequence(MethodRunner.java:46)
at org.testng.internal.TestInvoker$MethodInvocationAgent.invoke(TestInvoker.java:822)
at org.testng.internal.TestInvoker.invokeTestMethods(TestInvoker.java:147)
at org.testng.internal.TestMethodWorker.invokeTestMethods(TestMethodWorker.java:146)
at org.testng.internal.TestMethodWorker.run(TestMethodWorker.java:128)
at java.base/java.util.ArrayList.forEach(ArrayList.java:1511)
at org.testng.TestRunner.privateRun(TestRunner.java:764)
at org.testng.TestRunner.run(TestRunner.java:585)
at org.testng.SuiteRunner.runTest(SuiteRunner.java:384)
at org.testng.SuiteRunner.runSequentially(SuiteRunner.java:378)
at org.testng.SuiteRunner.privateRun(SuiteRunner.java:337)
at org.testng.SuiteRunner.run(SuiteRunner.java:286)
at org.testng.SuiteRunnerWorker.runSuite(SuiteRunnerWorker.java:53)
at org.testng.SuiteRunnerWorker.run(SuiteRunnerWorker.java:96)
at org.testng.TestNG.runSuitesSequentially(TestNG.java:1218)
at org.testng.TestNG.runSuitesLocally(TestNG.java:1140)
at org.testng.TestNG.runSuites(TestNG.java:1069)
at org.testng.TestNG.run(TestNG.java:1037)
at org.testng.remote.AbstractRemoteTestNG.run(AbstractRemoteTestNG.java:115)
at org.testng.remote.RemoteTestNG.initAndRun(RemoteTestNG.java:251)
at org.testng.remote.RemoteTestNG.main(RemoteTestNG.java:77)
]]>
    </error>
  </testcase> <!-- A10_T05 -->
  <system-out/>
  <testcase classname="eWalker_SSL_VPN_V10.eWalker_SSL_VPN_Android_launch" name="A11_T01" time="25.863"/>
  <system-out/>
  <testcase classname="eWalker_SSL_VPN_V10.eWalker_SSL_VPN_Android_launch" name="A11_T02" time="24.678"/>
  <system-out/>
</testsuite> <!-- eWalker_SSL_VPN_V10.eWalker_SSL_VPN_Android_launch -->
