<?xml version="1.0" encoding="UTF-8"?>
<!-- Generated by org.testng.reporters.JUnitReportReporter -->
<testsuite hostname="SOOSANui-MacBookAir.local" failures="0" tests="37" name="eWalker_SSL_VPN_V10.eWalker_SSL_VPN_Test" time="3218.734" errors="0" timestamp="2023-05-24T17:26:20 KST" skipped="0">
  <testcase classname="eWalker_SSL_VPN_V10.eWalker_SSL_VPN_Test" name="R06_T02" time="93.846"/>
  <system-out/>
  <testcase classname="eWalker_SSL_VPN_V10.eWalker_SSL_VPN_Test" name="R04_T08" time="41.784"/>
  <system-out/>
  <testcase classname="eWalker_SSL_VPN_V10.eWalker_SSL_VPN_Test" name="R08_T05" time="72.537"/>
  <system-out/>
  <testcase classname="eWalker_SSL_VPN_V10.eWalker_SSL_VPN_Test" name="R10_T03" time="65.595"/>
  <system-out/>
  <testcase classname="eWalker_SSL_VPN_V10.eWalker_SSL_VPN_Test" name="R06_T03" time="52.143"/>
  <system-out/>
  <testcase classname="eWalker_SSL_VPN_V10.eWalker_SSL_VPN_Test" name="R02_T02" time="135.249"/>
  <system-out/>
  <testcase classname="eWalker_SSL_VPN_V10.eWalker_SSL_VPN_Test" name="R06_T01" time="51.201"/>
  <system-out/>
  <testcase classname="eWalker_SSL_VPN_V10.eWalker_SSL_VPN_Test" name="R11_T01" time="24.574"/>
  <system-out/>
  <testcase classname="eWalker_SSL_VPN_V10.eWalker_SSL_VPN_Test" name="R04_T05" time="63.216"/>
  <system-out/>
  <testcase classname="eWalker_SSL_VPN_V10.eWalker_SSL_VPN_Test" name="R04_T03" time="40.967"/>
  <system-out/>
  <testcase classname="eWalker_SSL_VPN_V10.eWalker_SSL_VPN_Test" name="R06_T06" time="74.522"/>
  <system-out/>
  <testcase classname="eWalker_SSL_VPN_V10.eWalker_SSL_VPN_Test" name="R01_T01" time="6.962"/>
  <system-out/>
  <testcase classname="eWalker_SSL_VPN_V10.eWalker_SSL_VPN_Test" name="R02_T03" time="76.936"/>
  <system-out/>
  <testcase classname="eWalker_SSL_VPN_V10.eWalker_SSL_VPN_Test" name="R04_T04" time="886.642"/>
  <system-out/>
  <testcase classname="eWalker_SSL_VPN_V10.eWalker_SSL_VPN_Test" name="R04_T02" time="40.416"/>
  <system-out/>
  <testcase classname="eWalker_SSL_VPN_V10.eWalker_SSL_VPN_Test" name="R09_T04" time="74.780"/>
  <system-out/>
  <testcase classname="eWalker_SSL_VPN_V10.eWalker_SSL_VPN_Test" name="R03_T01" time="38.979"/>
  <system-out/>
  <testcase classname="eWalker_SSL_VPN_V10.eWalker_SSL_VPN_Test" name="R07_T04" time="75.543"/>
  <system-out/>
  <testcase classname="eWalker_SSL_VPN_V10.eWalker_SSL_VPN_Test" name="R10_T04" time="75.279"/>
  <system-out/>
  <testcase classname="eWalker_SSL_VPN_V10.eWalker_SSL_VPN_Test" name="R11_T02" time="23.985"/>
  <system-out/>
  <testcase classname="eWalker_SSL_VPN_V10.eWalker_SSL_VPN_Test" name="R04_T01" time="94.705"/>
  <system-out/>
  <testcase classname="eWalker_SSL_VPN_V10.eWalker_SSL_VPN_Test" name="R04_T07" time="39.951"/>
  <system-out/>
  <testcase classname="eWalker_SSL_VPN_V10.eWalker_SSL_VPN_Test" name="R09_T03" time="67.580"/>
  <system-out/>
  <testcase classname="eWalker_SSL_VPN_V10.eWalker_SSL_VPN_Test" name="R10_T01" time="49.946"/>
  <system-out/>
  <testcase classname="eWalker_SSL_VPN_V10.eWalker_SSL_VPN_Test" name="R10_T05" time="72.696"/>
  <system-out/>
  <testcase classname="eWalker_SSL_VPN_V10.eWalker_SSL_VPN_Test" name="R03_T02" time="41.523"/>
  <system-out/>
  <testcase classname="eWalker_SSL_VPN_V10.eWalker_SSL_VPN_Test" name="R08_T04" time="73.589"/>
  <system-out/>
  <testcase classname="eWalker_SSL_VPN_V10.eWalker_SSL_VPN_Test" name="R04_T09" time="179.020"/>
  <system-out/>
  <testcase classname="eWalker_SSL_VPN_V10.eWalker_SSL_VPN_Test" name="R07_T01" time="49.320"/>
  <system-out/>
  <testcase classname="eWalker_SSL_VPN_V10.eWalker_SSL_VPN_Test" name="R07_T03" time="78.417"/>
  <system-out/>
  <testcase classname="eWalker_SSL_VPN_V10.eWalker_SSL_VPN_Test" name="R02_T01" time="17.533"/>
  <system-out/>
  <testcase classname="eWalker_SSL_VPN_V10.eWalker_SSL_VPN_Test" name="R08_T01" time="50.163"/>
  <system-out/>
  <testcase classname="eWalker_SSL_VPN_V10.eWalker_SSL_VPN_Test" name="R09_T01" time="48.816"/>
  <system-out/>
  <testcase classname="eWalker_SSL_VPN_V10.eWalker_SSL_VPN_Test" name="R06_T05" time="69.342"/>
  <system-out/>
  <testcase classname="eWalker_SSL_VPN_V10.eWalker_SSL_VPN_Test" name="R09_T05" time="75.215"/>
  <system-out/>
  <testcase classname="eWalker_SSL_VPN_V10.eWalker_SSL_VPN_Test" name="R04_T06" time="122.657"/>
  <system-out/>
  <testcase classname="eWalker_SSL_VPN_V10.eWalker_SSL_VPN_Test" name="R07_T05" time="73.105"/>
  <system-out/>
</testsuite> <!-- eWalker_SSL_VPN_V10.eWalker_SSL_VPN_Test -->
