<?xml version="1.0" encoding="UTF-8"?>
<!-- Generated by org.testng.reporters.JUnitReportReporter -->
<testsuite hostname="SOOSANui-MacBookAir.local" failures="0" tests="38" name="eWalker_SSL_VPN_V10.eWalker_SSL_VPN_Android_launch_test" time="4153.605" errors="9" timestamp="2023-06-30T22:52:38 KST" skipped="0">
  <testcase classname="eWalker_SSL_VPN_V10.eWalker_SSL_VPN_Android_launch_test" name="A01_T01" time="15.562"/>
  <system-out/>
  <testcase classname="eWalker_SSL_VPN_V10.eWalker_SSL_VPN_Android_launch_test" name="A02_T01" time="16.795"/>
  <system-out/>
  <testcase classname="eWalker_SSL_VPN_V10.eWalker_SSL_VPN_Android_launch_test" name="A02_T02" time="141.338"/>
  <system-out/>
  <testcase classname="eWalker_SSL_VPN_V10.eWalker_SSL_VPN_Android_launch_test" name="A02_T03" time="77.432"/>
  <system-out/>
  <testcase classname="eWalker_SSL_VPN_V10.eWalker_SSL_VPN_Android_launch_test" name="A03_T01" time="36.497"/>
  <system-out/>
  <testcase classname="eWalker_SSL_VPN_V10.eWalker_SSL_VPN_Android_launch_test" name="A03_T02" time="43.197"/>
  <system-out/>
  <testcase classname="eWalker_SSL_VPN_V10.eWalker_SSL_VPN_Android_launch_test" name="A04_T01" time="90.590"/>
  <system-out/>
  <testcase classname="eWalker_SSL_VPN_V10.eWalker_SSL_VPN_Android_launch_test" name="A03_T03" time="60.486"/>
  <system-out/>
  <testcase classname="eWalker_SSL_VPN_V10.eWalker_SSL_VPN_Android_launch_test" name="A04_T02" time="55.933"/>
  <system-out/>
  <testcase classname="eWalker_SSL_VPN_V10.eWalker_SSL_VPN_Android_launch_test" name="A04_T03" time="36.640"/>
  <system-out/>
  <testcase classname="eWalker_SSL_VPN_V10.eWalker_SSL_VPN_Android_launch_test" name="A04_T04" time="1471.841"/>
  <system-out/>
  <testcase classname="eWalker_SSL_VPN_V10.eWalker_SSL_VPN_Android_launch_test" name="A04_T05" time="54.267"/>
  <system-out/>
  <testcase classname="eWalker_SSL_VPN_V10.eWalker_SSL_VPN_Android_launch_test" name="A04_T06" time="136.483"/>
  <system-out/>
  <testcase classname="eWalker_SSL_VPN_V10.eWalker_SSL_VPN_Android_launch_test" name="A04_T07" time="57.852"/>
  <system-out/>
  <testcase classname="eWalker_SSL_VPN_V10.eWalker_SSL_VPN_Android_launch_test" name="A04_T08" time="57.009"/>
  <system-out/>
  <testcase classname="eWalker_SSL_VPN_V10.eWalker_SSL_VPN_Android_launch_test" name="A04_T09" time="233.586"/>
  <system-out/>
  <testcase classname="eWalker_SSL_VPN_V10.eWalker_SSL_VPN_Android_launch_test" name="A06_T01" time="58.211"/>
  <system-out/>
  <testcase classname="eWalker_SSL_VPN_V10.eWalker_SSL_VPN_Android_launch_test" name="A06_T02" time="202.984"/>
  <system-out/>
  <testcase classname="eWalker_SSL_VPN_V10.eWalker_SSL_VPN_Android_launch_test" name="A06_T03" time="42.470"/>
  <system-out/>
  <testcase classname="eWalker_SSL_VPN_V10.eWalker_SSL_VPN_Android_launch_test" name="A06_T05" time="37.705">
    <error message="An unknown server-side error occurred while processing the command. Original error: Cannot activate &#039;com.sise15.mysqlviewer&#039;. Original error: Error executing adbExec. Original error: &#039;Command &#039;/Users/soosanint/Library/Android/sdk/platform-tools/adb -P 5037 -s R3CRC0P3VPW shell monkey -p com.sise15.mysqlviewer -c android.intent.category.LAUNCHER 1&#039; exited with code 252&#039;; Command output: args: [-p, com.sise15.mysqlviewer, -c, android.intent.category.LAUNCHER, 1]
 arg: &quot;-p&quot;
 arg: &quot;com.sise15.mysqlviewer&quot;
 arg: &quot;-c&quot;
 arg: &quot;android.intent.category.LAUNCHER&quot;
 arg: &quot;1&quot;
data=&quot;com.sise15.mysqlviewer&quot;
data=&quot;android.intent.category.LAUNCHER&quot;

Build info: version: &#039;3.141.59&#039;, revision: &#039;e82be7d358&#039;, time: &#039;2018-11-14T08:17:03&#039;
System info: host: &#039;SOOSANui-MacBookAir.local&#039;, ip: &#039;fe80:0:0:0:14a8:2e5:7cd6:cc9a%en0&#039;, os.name: &#039;Mac OS X&#039;, os.arch: &#039;aarch64&#039;, os.version: &#039;13.3.1&#039;, java.version: &#039;17.0.6&#039;
Driver info: io.appium.java_client.android.AndroidDriver
Capabilities {databaseEnabled: false, desired: {deviceName: SM-G991N, platformName: android, platformversion: 12, uuid: R3CRC0MAAKN}, deviceApiLevel: 32, deviceManufacturer: samsung, deviceModel: SM-F711N, deviceName: R3CRC0P3VPW, deviceScreenDensity: 480, deviceScreenSize: 1080x2640, deviceUDID: R3CRC0P3VPW, javascriptEnabled: true, locationContextEnabled: false, networkConnectionEnabled: true, pixelRatio: 3, platform: LINUX, platformName: Android, platformVersion: 12, platformversion: 12, statBarHeight: 94, takesScreenshot: true, uuid: R3CRC0MAAKN, viewportRect: {height: 2308, left: 0, top: 94, width: 1080}, warnings: {}, webStorageEnabled: false}
Session ID: 505fa4e4-ef0a-406d-8957-17751797b00e" type="org.openqa.selenium.WebDriverException">
      <![CDATA[org.openqa.selenium.WebDriverException: An unknown server-side error occurred while processing the command. Original error: Cannot activate 'com.sise15.mysqlviewer'. Original error: Error executing adbExec. Original error: 'Command '/Users/soosanint/Library/Android/sdk/platform-tools/adb -P 5037 -s R3CRC0P3VPW shell monkey -p com.sise15.mysqlviewer -c android.intent.category.LAUNCHER 1' exited with code 252'; Command output: args: [-p, com.sise15.mysqlviewer, -c, android.intent.category.LAUNCHER, 1]
 arg: "-p"
 arg: "com.sise15.mysqlviewer"
 arg: "-c"
 arg: "android.intent.category.LAUNCHER"
 arg: "1"
data="com.sise15.mysqlviewer"
data="android.intent.category.LAUNCHER"

Build info: version: '3.141.59', revision: 'e82be7d358', time: '2018-11-14T08:17:03'
System info: host: 'SOOSANui-MacBookAir.local', ip: 'fe80:0:0:0:14a8:2e5:7cd6:cc9a%en0', os.name: 'Mac OS X', os.arch: 'aarch64', os.version: '13.3.1', java.version: '17.0.6'
Driver info: io.appium.java_client.android.AndroidDriver
Capabilities {databaseEnabled: false, desired: {deviceName: SM-G991N, platformName: android, platformversion: 12, uuid: R3CRC0MAAKN}, deviceApiLevel: 32, deviceManufacturer: samsung, deviceModel: SM-F711N, deviceName: R3CRC0P3VPW, deviceScreenDensity: 480, deviceScreenSize: 1080x2640, deviceUDID: R3CRC0P3VPW, javascriptEnabled: true, locationContextEnabled: false, networkConnectionEnabled: true, pixelRatio: 3, platform: LINUX, platformName: Android, platformVersion: 12, platformversion: 12, statBarHeight: 94, takesScreenshot: true, uuid: R3CRC0MAAKN, viewportRect: {height: 2308, left: 0, top: 94, width: 1080}, warnings: {}, webStorageEnabled: false}
Session ID: 505fa4e4-ef0a-406d-8957-17751797b00e
at java.base/jdk.internal.reflect.NativeConstructorAccessorImpl.newInstance0(Native Method)
at java.base/jdk.internal.reflect.NativeConstructorAccessorImpl.newInstance(NativeConstructorAccessorImpl.java:77)
at java.base/jdk.internal.reflect.DelegatingConstructorAccessorImpl.newInstance(DelegatingConstructorAccessorImpl.java:45)
at java.base/java.lang.reflect.Constructor.newInstanceWithCaller(Constructor.java:499)
at java.base/java.lang.reflect.Constructor.newInstance(Constructor.java:480)
at org.openqa.selenium.remote.http.W3CHttpResponseCodec.createException(W3CHttpResponseCodec.java:187)
at org.openqa.selenium.remote.http.W3CHttpResponseCodec.decode(W3CHttpResponseCodec.java:122)
at org.openqa.selenium.remote.http.W3CHttpResponseCodec.decode(W3CHttpResponseCodec.java:49)
at org.openqa.selenium.remote.HttpCommandExecutor.execute(HttpCommandExecutor.java:158)
at io.appium.java_client.remote.AppiumCommandExecutor.execute(AppiumCommandExecutor.java:239)
at org.openqa.selenium.remote.RemoteWebDriver.execute(RemoteWebDriver.java:552)
at io.appium.java_client.DefaultGenericMobileDriver.execute(DefaultGenericMobileDriver.java:41)
at io.appium.java_client.AppiumDriver.execute(AppiumDriver.java:1)
at io.appium.java_client.android.AndroidDriver.execute(AndroidDriver.java:1)
at io.appium.java_client.CommandExecutionHelper.execute(CommandExecutionHelper.java:27)
at io.appium.java_client.InteractsWithApps.activateApp(InteractsWithApps.java:166)
at io.appium.java_client.InteractsWithApps.activateApp(InteractsWithApps.java:150)
at function.func_appium_android.activate_app(func_appium_android.java:427)
at function.func_appium_android.start_app(func_appium_android.java:436)
at function.func_appium_android.login_server(func_appium_android.java:236)
at test_case_android.A06_T05.A06_T05_case(A06_T05.java:55)
at eWalker_SSL_VPN_V10.eWalker_SSL_VPN_Android_launch_test.A06_T05(eWalker_SSL_VPN_Android_launch_test.java:166)
at java.base/jdk.internal.reflect.NativeMethodAccessorImpl.invoke0(Native Method)
at java.base/jdk.internal.reflect.NativeMethodAccessorImpl.invoke(NativeMethodAccessorImpl.java:77)
at java.base/jdk.internal.reflect.DelegatingMethodAccessorImpl.invoke(DelegatingMethodAccessorImpl.java:43)
at java.base/java.lang.reflect.Method.invoke(Method.java:568)
at org.testng.internal.MethodInvocationHelper.invokeMethod(MethodInvocationHelper.java:132)
at org.testng.internal.TestInvoker.invokeMethod(TestInvoker.java:599)
at org.testng.internal.TestInvoker.invokeTestMethod(TestInvoker.java:174)
at org.testng.internal.MethodRunner.runInSequence(MethodRunner.java:46)
at org.testng.internal.TestInvoker$MethodInvocationAgent.invoke(TestInvoker.java:822)
at org.testng.internal.TestInvoker.invokeTestMethods(TestInvoker.java:147)
at org.testng.internal.TestMethodWorker.invokeTestMethods(TestMethodWorker.java:146)
at org.testng.internal.TestMethodWorker.run(TestMethodWorker.java:128)
at java.base/java.util.ArrayList.forEach(ArrayList.java:1511)
at org.testng.TestRunner.privateRun(TestRunner.java:764)
at org.testng.TestRunner.run(TestRunner.java:585)
at org.testng.SuiteRunner.runTest(SuiteRunner.java:384)
at org.testng.SuiteRunner.runSequentially(SuiteRunner.java:378)
at org.testng.SuiteRunner.privateRun(SuiteRunner.java:337)
at org.testng.SuiteRunner.run(SuiteRunner.java:286)
at org.testng.SuiteRunnerWorker.runSuite(SuiteRunnerWorker.java:53)
at org.testng.SuiteRunnerWorker.run(SuiteRunnerWorker.java:96)
at org.testng.TestNG.runSuitesSequentially(TestNG.java:1218)
at org.testng.TestNG.runSuitesLocally(TestNG.java:1140)
at org.testng.TestNG.runSuites(TestNG.java:1069)
at org.testng.TestNG.run(TestNG.java:1037)
at org.testng.remote.AbstractRemoteTestNG.run(AbstractRemoteTestNG.java:115)
at org.testng.remote.RemoteTestNG.initAndRun(RemoteTestNG.java:251)
at org.testng.remote.RemoteTestNG.main(RemoteTestNG.java:77)
]]>
    </error>
  </testcase> <!-- A06_T05 -->
  <system-out/>
  <testcase classname="eWalker_SSL_VPN_V10.eWalker_SSL_VPN_Android_launch_test" name="A06_T06" time="35.791">
    <error message="An unknown server-side error occurred while processing the command. Original error: Cannot activate &#039;com.dreammirae.anyauth.android&#039;. Original error: Error executing adbExec. Original error: &#039;Command &#039;/Users/soosanint/Library/Android/sdk/platform-tools/adb -P 5037 -s R3CRC0P3VPW shell monkey -p com.dreammirae.anyauth.android -c android.intent.category.LAUNCHER 1&#039; exited with code 252&#039;; Command output: args: [-p, com.dreammirae.anyauth.android, -c, android.intent.category.LAUNCHER, 1]
 arg: &quot;-p&quot;
 arg: &quot;com.dreammirae.anyauth.android&quot;
 arg: &quot;-c&quot;
 arg: &quot;android.intent.category.LAUNCHER&quot;
 arg: &quot;1&quot;
data=&quot;com.dreammirae.anyauth.android&quot;
data=&quot;android.intent.category.LAUNCHER&quot;

Build info: version: &#039;3.141.59&#039;, revision: &#039;e82be7d358&#039;, time: &#039;2018-11-14T08:17:03&#039;
System info: host: &#039;SOOSANui-MacBookAir.local&#039;, ip: &#039;fe80:0:0:0:14a8:2e5:7cd6:cc9a%en0&#039;, os.name: &#039;Mac OS X&#039;, os.arch: &#039;aarch64&#039;, os.version: &#039;13.3.1&#039;, java.version: &#039;17.0.6&#039;
Driver info: io.appium.java_client.android.AndroidDriver
Capabilities {databaseEnabled: false, desired: {deviceName: SM-G991N, platformName: android, platformversion: 12, uuid: R3CRC0MAAKN}, deviceApiLevel: 32, deviceManufacturer: samsung, deviceModel: SM-F711N, deviceName: R3CRC0P3VPW, deviceScreenDensity: 480, deviceScreenSize: 1080x2640, deviceUDID: R3CRC0P3VPW, javascriptEnabled: true, locationContextEnabled: false, networkConnectionEnabled: true, pixelRatio: 3, platform: LINUX, platformName: Android, platformVersion: 12, platformversion: 12, statBarHeight: 94, takesScreenshot: true, uuid: R3CRC0MAAKN, viewportRect: {height: 2308, left: 0, top: 94, width: 1080}, warnings: {}, webStorageEnabled: false}
Session ID: 505fa4e4-ef0a-406d-8957-17751797b00e" type="org.openqa.selenium.WebDriverException">
      <![CDATA[org.openqa.selenium.WebDriverException: An unknown server-side error occurred while processing the command. Original error: Cannot activate 'com.dreammirae.anyauth.android'. Original error: Error executing adbExec. Original error: 'Command '/Users/soosanint/Library/Android/sdk/platform-tools/adb -P 5037 -s R3CRC0P3VPW shell monkey -p com.dreammirae.anyauth.android -c android.intent.category.LAUNCHER 1' exited with code 252'; Command output: args: [-p, com.dreammirae.anyauth.android, -c, android.intent.category.LAUNCHER, 1]
 arg: "-p"
 arg: "com.dreammirae.anyauth.android"
 arg: "-c"
 arg: "android.intent.category.LAUNCHER"
 arg: "1"
data="com.dreammirae.anyauth.android"
data="android.intent.category.LAUNCHER"

Build info: version: '3.141.59', revision: 'e82be7d358', time: '2018-11-14T08:17:03'
System info: host: 'SOOSANui-MacBookAir.local', ip: 'fe80:0:0:0:14a8:2e5:7cd6:cc9a%en0', os.name: 'Mac OS X', os.arch: 'aarch64', os.version: '13.3.1', java.version: '17.0.6'
Driver info: io.appium.java_client.android.AndroidDriver
Capabilities {databaseEnabled: false, desired: {deviceName: SM-G991N, platformName: android, platformversion: 12, uuid: R3CRC0MAAKN}, deviceApiLevel: 32, deviceManufacturer: samsung, deviceModel: SM-F711N, deviceName: R3CRC0P3VPW, deviceScreenDensity: 480, deviceScreenSize: 1080x2640, deviceUDID: R3CRC0P3VPW, javascriptEnabled: true, locationContextEnabled: false, networkConnectionEnabled: true, pixelRatio: 3, platform: LINUX, platformName: Android, platformVersion: 12, platformversion: 12, statBarHeight: 94, takesScreenshot: true, uuid: R3CRC0MAAKN, viewportRect: {height: 2308, left: 0, top: 94, width: 1080}, warnings: {}, webStorageEnabled: false}
Session ID: 505fa4e4-ef0a-406d-8957-17751797b00e
at java.base/jdk.internal.reflect.NativeConstructorAccessorImpl.newInstance0(Native Method)
at java.base/jdk.internal.reflect.NativeConstructorAccessorImpl.newInstance(NativeConstructorAccessorImpl.java:77)
at java.base/jdk.internal.reflect.DelegatingConstructorAccessorImpl.newInstance(DelegatingConstructorAccessorImpl.java:45)
at java.base/java.lang.reflect.Constructor.newInstanceWithCaller(Constructor.java:499)
at java.base/java.lang.reflect.Constructor.newInstance(Constructor.java:480)
at org.openqa.selenium.remote.http.W3CHttpResponseCodec.createException(W3CHttpResponseCodec.java:187)
at org.openqa.selenium.remote.http.W3CHttpResponseCodec.decode(W3CHttpResponseCodec.java:122)
at org.openqa.selenium.remote.http.W3CHttpResponseCodec.decode(W3CHttpResponseCodec.java:49)
at org.openqa.selenium.remote.HttpCommandExecutor.execute(HttpCommandExecutor.java:158)
at io.appium.java_client.remote.AppiumCommandExecutor.execute(AppiumCommandExecutor.java:239)
at org.openqa.selenium.remote.RemoteWebDriver.execute(RemoteWebDriver.java:552)
at io.appium.java_client.DefaultGenericMobileDriver.execute(DefaultGenericMobileDriver.java:41)
at io.appium.java_client.AppiumDriver.execute(AppiumDriver.java:1)
at io.appium.java_client.android.AndroidDriver.execute(AndroidDriver.java:1)
at io.appium.java_client.CommandExecutionHelper.execute(CommandExecutionHelper.java:27)
at io.appium.java_client.InteractsWithApps.activateApp(InteractsWithApps.java:166)
at io.appium.java_client.InteractsWithApps.activateApp(InteractsWithApps.java:150)
at function.func_appium_android.activate_app(func_appium_android.java:427)
at function.func_appium_android.login_server(func_appium_android.java:305)
at test_case_android.A06_T06.A06_T06_case(A06_T06.java:32)
at eWalker_SSL_VPN_V10.eWalker_SSL_VPN_Android_launch_test.A06_T06(eWalker_SSL_VPN_Android_launch_test.java:172)
at java.base/jdk.internal.reflect.NativeMethodAccessorImpl.invoke0(Native Method)
at java.base/jdk.internal.reflect.NativeMethodAccessorImpl.invoke(NativeMethodAccessorImpl.java:77)
at java.base/jdk.internal.reflect.DelegatingMethodAccessorImpl.invoke(DelegatingMethodAccessorImpl.java:43)
at java.base/java.lang.reflect.Method.invoke(Method.java:568)
at org.testng.internal.MethodInvocationHelper.invokeMethod(MethodInvocationHelper.java:132)
at org.testng.internal.TestInvoker.invokeMethod(TestInvoker.java:599)
at org.testng.internal.TestInvoker.invokeTestMethod(TestInvoker.java:174)
at org.testng.internal.MethodRunner.runInSequence(MethodRunner.java:46)
at org.testng.internal.TestInvoker$MethodInvocationAgent.invoke(TestInvoker.java:822)
at org.testng.internal.TestInvoker.invokeTestMethods(TestInvoker.java:147)
at org.testng.internal.TestMethodWorker.invokeTestMethods(TestMethodWorker.java:146)
at org.testng.internal.TestMethodWorker.run(TestMethodWorker.java:128)
at java.base/java.util.ArrayList.forEach(ArrayList.java:1511)
at org.testng.TestRunner.privateRun(TestRunner.java:764)
at org.testng.TestRunner.run(TestRunner.java:585)
at org.testng.SuiteRunner.runTest(SuiteRunner.java:384)
at org.testng.SuiteRunner.runSequentially(SuiteRunner.java:378)
at org.testng.SuiteRunner.privateRun(SuiteRunner.java:337)
at org.testng.SuiteRunner.run(SuiteRunner.java:286)
at org.testng.SuiteRunnerWorker.runSuite(SuiteRunnerWorker.java:53)
at org.testng.SuiteRunnerWorker.run(SuiteRunnerWorker.java:96)
at org.testng.TestNG.runSuitesSequentially(TestNG.java:1218)
at org.testng.TestNG.runSuitesLocally(TestNG.java:1140)
at org.testng.TestNG.runSuites(TestNG.java:1069)
at org.testng.TestNG.run(TestNG.java:1037)
at org.testng.remote.AbstractRemoteTestNG.run(AbstractRemoteTestNG.java:115)
at org.testng.remote.RemoteTestNG.initAndRun(RemoteTestNG.java:251)
at org.testng.remote.RemoteTestNG.main(RemoteTestNG.java:77)
]]>
    </error>
  </testcase> <!-- A06_T06 -->
  <system-out/>
  <testcase classname="eWalker_SSL_VPN_V10.eWalker_SSL_VPN_Android_launch_test" name="A07_T01" time="43.142"/>
  <system-out/>
  <testcase classname="eWalker_SSL_VPN_V10.eWalker_SSL_VPN_Android_launch_test" name="A07_T03" time="35.403">
    <error message="An unknown server-side error occurred while processing the command. Original error: Cannot activate &#039;com.sise15.mysqlviewer&#039;. Original error: Error executing adbExec. Original error: &#039;Command &#039;/Users/soosanint/Library/Android/sdk/platform-tools/adb -P 5037 -s R3CRC0P3VPW shell monkey -p com.sise15.mysqlviewer -c android.intent.category.LAUNCHER 1&#039; exited with code 252&#039;; Command output: args: [-p, com.sise15.mysqlviewer, -c, android.intent.category.LAUNCHER, 1]
 arg: &quot;-p&quot;
 arg: &quot;com.sise15.mysqlviewer&quot;
 arg: &quot;-c&quot;
 arg: &quot;android.intent.category.LAUNCHER&quot;
 arg: &quot;1&quot;
data=&quot;com.sise15.mysqlviewer&quot;
data=&quot;android.intent.category.LAUNCHER&quot;

Build info: version: &#039;3.141.59&#039;, revision: &#039;e82be7d358&#039;, time: &#039;2018-11-14T08:17:03&#039;
System info: host: &#039;SOOSANui-MacBookAir.local&#039;, ip: &#039;fe80:0:0:0:14a8:2e5:7cd6:cc9a%en0&#039;, os.name: &#039;Mac OS X&#039;, os.arch: &#039;aarch64&#039;, os.version: &#039;13.3.1&#039;, java.version: &#039;17.0.6&#039;
Driver info: io.appium.java_client.android.AndroidDriver
Capabilities {databaseEnabled: false, desired: {deviceName: SM-G991N, platformName: android, platformversion: 12, uuid: R3CRC0MAAKN}, deviceApiLevel: 32, deviceManufacturer: samsung, deviceModel: SM-F711N, deviceName: R3CRC0P3VPW, deviceScreenDensity: 480, deviceScreenSize: 1080x2640, deviceUDID: R3CRC0P3VPW, javascriptEnabled: true, locationContextEnabled: false, networkConnectionEnabled: true, pixelRatio: 3, platform: LINUX, platformName: Android, platformVersion: 12, platformversion: 12, statBarHeight: 94, takesScreenshot: true, uuid: R3CRC0MAAKN, viewportRect: {height: 2308, left: 0, top: 94, width: 1080}, warnings: {}, webStorageEnabled: false}
Session ID: 505fa4e4-ef0a-406d-8957-17751797b00e" type="org.openqa.selenium.WebDriverException">
      <![CDATA[org.openqa.selenium.WebDriverException: An unknown server-side error occurred while processing the command. Original error: Cannot activate 'com.sise15.mysqlviewer'. Original error: Error executing adbExec. Original error: 'Command '/Users/soosanint/Library/Android/sdk/platform-tools/adb -P 5037 -s R3CRC0P3VPW shell monkey -p com.sise15.mysqlviewer -c android.intent.category.LAUNCHER 1' exited with code 252'; Command output: args: [-p, com.sise15.mysqlviewer, -c, android.intent.category.LAUNCHER, 1]
 arg: "-p"
 arg: "com.sise15.mysqlviewer"
 arg: "-c"
 arg: "android.intent.category.LAUNCHER"
 arg: "1"
data="com.sise15.mysqlviewer"
data="android.intent.category.LAUNCHER"

Build info: version: '3.141.59', revision: 'e82be7d358', time: '2018-11-14T08:17:03'
System info: host: 'SOOSANui-MacBookAir.local', ip: 'fe80:0:0:0:14a8:2e5:7cd6:cc9a%en0', os.name: 'Mac OS X', os.arch: 'aarch64', os.version: '13.3.1', java.version: '17.0.6'
Driver info: io.appium.java_client.android.AndroidDriver
Capabilities {databaseEnabled: false, desired: {deviceName: SM-G991N, platformName: android, platformversion: 12, uuid: R3CRC0MAAKN}, deviceApiLevel: 32, deviceManufacturer: samsung, deviceModel: SM-F711N, deviceName: R3CRC0P3VPW, deviceScreenDensity: 480, deviceScreenSize: 1080x2640, deviceUDID: R3CRC0P3VPW, javascriptEnabled: true, locationContextEnabled: false, networkConnectionEnabled: true, pixelRatio: 3, platform: LINUX, platformName: Android, platformVersion: 12, platformversion: 12, statBarHeight: 94, takesScreenshot: true, uuid: R3CRC0MAAKN, viewportRect: {height: 2308, left: 0, top: 94, width: 1080}, warnings: {}, webStorageEnabled: false}
Session ID: 505fa4e4-ef0a-406d-8957-17751797b00e
at java.base/jdk.internal.reflect.NativeConstructorAccessorImpl.newInstance0(Native Method)
at java.base/jdk.internal.reflect.NativeConstructorAccessorImpl.newInstance(NativeConstructorAccessorImpl.java:77)
at java.base/jdk.internal.reflect.DelegatingConstructorAccessorImpl.newInstance(DelegatingConstructorAccessorImpl.java:45)
at java.base/java.lang.reflect.Constructor.newInstanceWithCaller(Constructor.java:499)
at java.base/java.lang.reflect.Constructor.newInstance(Constructor.java:480)
at org.openqa.selenium.remote.http.W3CHttpResponseCodec.createException(W3CHttpResponseCodec.java:187)
at org.openqa.selenium.remote.http.W3CHttpResponseCodec.decode(W3CHttpResponseCodec.java:122)
at org.openqa.selenium.remote.http.W3CHttpResponseCodec.decode(W3CHttpResponseCodec.java:49)
at org.openqa.selenium.remote.HttpCommandExecutor.execute(HttpCommandExecutor.java:158)
at io.appium.java_client.remote.AppiumCommandExecutor.execute(AppiumCommandExecutor.java:239)
at org.openqa.selenium.remote.RemoteWebDriver.execute(RemoteWebDriver.java:552)
at io.appium.java_client.DefaultGenericMobileDriver.execute(DefaultGenericMobileDriver.java:41)
at io.appium.java_client.AppiumDriver.execute(AppiumDriver.java:1)
at io.appium.java_client.android.AndroidDriver.execute(AndroidDriver.java:1)
at io.appium.java_client.CommandExecutionHelper.execute(CommandExecutionHelper.java:27)
at io.appium.java_client.InteractsWithApps.activateApp(InteractsWithApps.java:166)
at io.appium.java_client.InteractsWithApps.activateApp(InteractsWithApps.java:150)
at function.func_appium_android.activate_app(func_appium_android.java:427)
at function.func_appium_android.start_app(func_appium_android.java:436)
at function.func_appium_android.login_server(func_appium_android.java:236)
at test_case_android.A07_T03.A07_T03_case(A07_T03.java:55)
at eWalker_SSL_VPN_V10.eWalker_SSL_VPN_Android_launch_test.A07_T03(eWalker_SSL_VPN_Android_launch_test.java:184)
at java.base/jdk.internal.reflect.NativeMethodAccessorImpl.invoke0(Native Method)
at java.base/jdk.internal.reflect.NativeMethodAccessorImpl.invoke(NativeMethodAccessorImpl.java:77)
at java.base/jdk.internal.reflect.DelegatingMethodAccessorImpl.invoke(DelegatingMethodAccessorImpl.java:43)
at java.base/java.lang.reflect.Method.invoke(Method.java:568)
at org.testng.internal.MethodInvocationHelper.invokeMethod(MethodInvocationHelper.java:132)
at org.testng.internal.TestInvoker.invokeMethod(TestInvoker.java:599)
at org.testng.internal.TestInvoker.invokeTestMethod(TestInvoker.java:174)
at org.testng.internal.MethodRunner.runInSequence(MethodRunner.java:46)
at org.testng.internal.TestInvoker$MethodInvocationAgent.invoke(TestInvoker.java:822)
at org.testng.internal.TestInvoker.invokeTestMethods(TestInvoker.java:147)
at org.testng.internal.TestMethodWorker.invokeTestMethods(TestMethodWorker.java:146)
at org.testng.internal.TestMethodWorker.run(TestMethodWorker.java:128)
at java.base/java.util.ArrayList.forEach(ArrayList.java:1511)
at org.testng.TestRunner.privateRun(TestRunner.java:764)
at org.testng.TestRunner.run(TestRunner.java:585)
at org.testng.SuiteRunner.runTest(SuiteRunner.java:384)
at org.testng.SuiteRunner.runSequentially(SuiteRunner.java:378)
at org.testng.SuiteRunner.privateRun(SuiteRunner.java:337)
at org.testng.SuiteRunner.run(SuiteRunner.java:286)
at org.testng.SuiteRunnerWorker.runSuite(SuiteRunnerWorker.java:53)
at org.testng.SuiteRunnerWorker.run(SuiteRunnerWorker.java:96)
at org.testng.TestNG.runSuitesSequentially(TestNG.java:1218)
at org.testng.TestNG.runSuitesLocally(TestNG.java:1140)
at org.testng.TestNG.runSuites(TestNG.java:1069)
at org.testng.TestNG.run(TestNG.java:1037)
at org.testng.remote.AbstractRemoteTestNG.run(AbstractRemoteTestNG.java:115)
at org.testng.remote.RemoteTestNG.initAndRun(RemoteTestNG.java:251)
at org.testng.remote.RemoteTestNG.main(RemoteTestNG.java:77)
]]>
    </error>
  </testcase> <!-- A07_T03 -->
  <system-out/>
  <testcase classname="eWalker_SSL_VPN_V10.eWalker_SSL_VPN_Android_launch_test" name="A07_T04" time="140.117"/>
  <system-out/>
  <testcase classname="eWalker_SSL_VPN_V10.eWalker_SSL_VPN_Android_launch_test" name="A07_T05" time="35.217">
    <error message="An unknown server-side error occurred while processing the command. Original error: Cannot activate &#039;com.dreammirae.anyauth.android&#039;. Original error: Error executing adbExec. Original error: &#039;Command &#039;/Users/soosanint/Library/Android/sdk/platform-tools/adb -P 5037 -s R3CRC0P3VPW shell monkey -p com.dreammirae.anyauth.android -c android.intent.category.LAUNCHER 1&#039; exited with code 252&#039;; Command output: args: [-p, com.dreammirae.anyauth.android, -c, android.intent.category.LAUNCHER, 1]
 arg: &quot;-p&quot;
 arg: &quot;com.dreammirae.anyauth.android&quot;
 arg: &quot;-c&quot;
 arg: &quot;android.intent.category.LAUNCHER&quot;
 arg: &quot;1&quot;
data=&quot;com.dreammirae.anyauth.android&quot;
data=&quot;android.intent.category.LAUNCHER&quot;

Build info: version: &#039;3.141.59&#039;, revision: &#039;e82be7d358&#039;, time: &#039;2018-11-14T08:17:03&#039;
System info: host: &#039;SOOSANui-MacBookAir.local&#039;, ip: &#039;fe80:0:0:0:14a8:2e5:7cd6:cc9a%en0&#039;, os.name: &#039;Mac OS X&#039;, os.arch: &#039;aarch64&#039;, os.version: &#039;13.3.1&#039;, java.version: &#039;17.0.6&#039;
Driver info: io.appium.java_client.android.AndroidDriver
Capabilities {databaseEnabled: false, desired: {deviceName: SM-G991N, platformName: android, platformversion: 12, uuid: R3CRC0MAAKN}, deviceApiLevel: 32, deviceManufacturer: samsung, deviceModel: SM-F711N, deviceName: R3CRC0P3VPW, deviceScreenDensity: 480, deviceScreenSize: 1080x2640, deviceUDID: R3CRC0P3VPW, javascriptEnabled: true, locationContextEnabled: false, networkConnectionEnabled: true, pixelRatio: 3, platform: LINUX, platformName: Android, platformVersion: 12, platformversion: 12, statBarHeight: 94, takesScreenshot: true, uuid: R3CRC0MAAKN, viewportRect: {height: 2308, left: 0, top: 94, width: 1080}, warnings: {}, webStorageEnabled: false}
Session ID: 505fa4e4-ef0a-406d-8957-17751797b00e" type="org.openqa.selenium.WebDriverException">
      <![CDATA[org.openqa.selenium.WebDriverException: An unknown server-side error occurred while processing the command. Original error: Cannot activate 'com.dreammirae.anyauth.android'. Original error: Error executing adbExec. Original error: 'Command '/Users/soosanint/Library/Android/sdk/platform-tools/adb -P 5037 -s R3CRC0P3VPW shell monkey -p com.dreammirae.anyauth.android -c android.intent.category.LAUNCHER 1' exited with code 252'; Command output: args: [-p, com.dreammirae.anyauth.android, -c, android.intent.category.LAUNCHER, 1]
 arg: "-p"
 arg: "com.dreammirae.anyauth.android"
 arg: "-c"
 arg: "android.intent.category.LAUNCHER"
 arg: "1"
data="com.dreammirae.anyauth.android"
data="android.intent.category.LAUNCHER"

Build info: version: '3.141.59', revision: 'e82be7d358', time: '2018-11-14T08:17:03'
System info: host: 'SOOSANui-MacBookAir.local', ip: 'fe80:0:0:0:14a8:2e5:7cd6:cc9a%en0', os.name: 'Mac OS X', os.arch: 'aarch64', os.version: '13.3.1', java.version: '17.0.6'
Driver info: io.appium.java_client.android.AndroidDriver
Capabilities {databaseEnabled: false, desired: {deviceName: SM-G991N, platformName: android, platformversion: 12, uuid: R3CRC0MAAKN}, deviceApiLevel: 32, deviceManufacturer: samsung, deviceModel: SM-F711N, deviceName: R3CRC0P3VPW, deviceScreenDensity: 480, deviceScreenSize: 1080x2640, deviceUDID: R3CRC0P3VPW, javascriptEnabled: true, locationContextEnabled: false, networkConnectionEnabled: true, pixelRatio: 3, platform: LINUX, platformName: Android, platformVersion: 12, platformversion: 12, statBarHeight: 94, takesScreenshot: true, uuid: R3CRC0MAAKN, viewportRect: {height: 2308, left: 0, top: 94, width: 1080}, warnings: {}, webStorageEnabled: false}
Session ID: 505fa4e4-ef0a-406d-8957-17751797b00e
at java.base/jdk.internal.reflect.NativeConstructorAccessorImpl.newInstance0(Native Method)
at java.base/jdk.internal.reflect.NativeConstructorAccessorImpl.newInstance(NativeConstructorAccessorImpl.java:77)
at java.base/jdk.internal.reflect.DelegatingConstructorAccessorImpl.newInstance(DelegatingConstructorAccessorImpl.java:45)
at java.base/java.lang.reflect.Constructor.newInstanceWithCaller(Constructor.java:499)
at java.base/java.lang.reflect.Constructor.newInstance(Constructor.java:480)
at org.openqa.selenium.remote.http.W3CHttpResponseCodec.createException(W3CHttpResponseCodec.java:187)
at org.openqa.selenium.remote.http.W3CHttpResponseCodec.decode(W3CHttpResponseCodec.java:122)
at org.openqa.selenium.remote.http.W3CHttpResponseCodec.decode(W3CHttpResponseCodec.java:49)
at org.openqa.selenium.remote.HttpCommandExecutor.execute(HttpCommandExecutor.java:158)
at io.appium.java_client.remote.AppiumCommandExecutor.execute(AppiumCommandExecutor.java:239)
at org.openqa.selenium.remote.RemoteWebDriver.execute(RemoteWebDriver.java:552)
at io.appium.java_client.DefaultGenericMobileDriver.execute(DefaultGenericMobileDriver.java:41)
at io.appium.java_client.AppiumDriver.execute(AppiumDriver.java:1)
at io.appium.java_client.android.AndroidDriver.execute(AndroidDriver.java:1)
at io.appium.java_client.CommandExecutionHelper.execute(CommandExecutionHelper.java:27)
at io.appium.java_client.InteractsWithApps.activateApp(InteractsWithApps.java:166)
at io.appium.java_client.InteractsWithApps.activateApp(InteractsWithApps.java:150)
at function.func_appium_android.activate_app(func_appium_android.java:427)
at function.func_appium_android.login_server(func_appium_android.java:305)
at test_case_android.A07_T05.A07_T05_case(A07_T05.java:32)
at eWalker_SSL_VPN_V10.eWalker_SSL_VPN_Android_launch_test.A07_T05(eWalker_SSL_VPN_Android_launch_test.java:196)
at java.base/jdk.internal.reflect.NativeMethodAccessorImpl.invoke0(Native Method)
at java.base/jdk.internal.reflect.NativeMethodAccessorImpl.invoke(NativeMethodAccessorImpl.java:77)
at java.base/jdk.internal.reflect.DelegatingMethodAccessorImpl.invoke(DelegatingMethodAccessorImpl.java:43)
at java.base/java.lang.reflect.Method.invoke(Method.java:568)
at org.testng.internal.MethodInvocationHelper.invokeMethod(MethodInvocationHelper.java:132)
at org.testng.internal.TestInvoker.invokeMethod(TestInvoker.java:599)
at org.testng.internal.TestInvoker.invokeTestMethod(TestInvoker.java:174)
at org.testng.internal.MethodRunner.runInSequence(MethodRunner.java:46)
at org.testng.internal.TestInvoker$MethodInvocationAgent.invoke(TestInvoker.java:822)
at org.testng.internal.TestInvoker.invokeTestMethods(TestInvoker.java:147)
at org.testng.internal.TestMethodWorker.invokeTestMethods(TestMethodWorker.java:146)
at org.testng.internal.TestMethodWorker.run(TestMethodWorker.java:128)
at java.base/java.util.ArrayList.forEach(ArrayList.java:1511)
at org.testng.TestRunner.privateRun(TestRunner.java:764)
at org.testng.TestRunner.run(TestRunner.java:585)
at org.testng.SuiteRunner.runTest(SuiteRunner.java:384)
at org.testng.SuiteRunner.runSequentially(SuiteRunner.java:378)
at org.testng.SuiteRunner.privateRun(SuiteRunner.java:337)
at org.testng.SuiteRunner.run(SuiteRunner.java:286)
at org.testng.SuiteRunnerWorker.runSuite(SuiteRunnerWorker.java:53)
at org.testng.SuiteRunnerWorker.run(SuiteRunnerWorker.java:96)
at org.testng.TestNG.runSuitesSequentially(TestNG.java:1218)
at org.testng.TestNG.runSuitesLocally(TestNG.java:1140)
at org.testng.TestNG.runSuites(TestNG.java:1069)
at org.testng.TestNG.run(TestNG.java:1037)
at org.testng.remote.AbstractRemoteTestNG.run(AbstractRemoteTestNG.java:115)
at org.testng.remote.RemoteTestNG.initAndRun(RemoteTestNG.java:251)
at org.testng.remote.RemoteTestNG.main(RemoteTestNG.java:77)
]]>
    </error>
  </testcase> <!-- A07_T05 -->
  <system-out/>
  <testcase classname="eWalker_SSL_VPN_V10.eWalker_SSL_VPN_Android_launch_test" name="A08_T01" time="53.438"/>
  <system-out/>
  <testcase classname="eWalker_SSL_VPN_V10.eWalker_SSL_VPN_Android_launch_test" name="A08_T04" time="202.715"/>
  <system-out/>
  <testcase classname="eWalker_SSL_VPN_V10.eWalker_SSL_VPN_Android_launch_test" name="A08_T05" time="35.644">
    <error message="An unknown server-side error occurred while processing the command. Original error: Cannot activate &#039;com.dreammirae.anyauth.android&#039;. Original error: Error executing adbExec. Original error: &#039;Command &#039;/Users/soosanint/Library/Android/sdk/platform-tools/adb -P 5037 -s R3CRC0P3VPW shell monkey -p com.dreammirae.anyauth.android -c android.intent.category.LAUNCHER 1&#039; exited with code 252&#039;; Command output: args: [-p, com.dreammirae.anyauth.android, -c, android.intent.category.LAUNCHER, 1]
 arg: &quot;-p&quot;
 arg: &quot;com.dreammirae.anyauth.android&quot;
 arg: &quot;-c&quot;
 arg: &quot;android.intent.category.LAUNCHER&quot;
 arg: &quot;1&quot;
data=&quot;com.dreammirae.anyauth.android&quot;
data=&quot;android.intent.category.LAUNCHER&quot;

Build info: version: &#039;3.141.59&#039;, revision: &#039;e82be7d358&#039;, time: &#039;2018-11-14T08:17:03&#039;
System info: host: &#039;SOOSANui-MacBookAir.local&#039;, ip: &#039;fe80:0:0:0:14a8:2e5:7cd6:cc9a%en0&#039;, os.name: &#039;Mac OS X&#039;, os.arch: &#039;aarch64&#039;, os.version: &#039;13.3.1&#039;, java.version: &#039;17.0.6&#039;
Driver info: io.appium.java_client.android.AndroidDriver
Capabilities {databaseEnabled: false, desired: {deviceName: SM-G991N, platformName: android, platformversion: 12, uuid: R3CRC0MAAKN}, deviceApiLevel: 32, deviceManufacturer: samsung, deviceModel: SM-F711N, deviceName: R3CRC0P3VPW, deviceScreenDensity: 480, deviceScreenSize: 1080x2640, deviceUDID: R3CRC0P3VPW, javascriptEnabled: true, locationContextEnabled: false, networkConnectionEnabled: true, pixelRatio: 3, platform: LINUX, platformName: Android, platformVersion: 12, platformversion: 12, statBarHeight: 94, takesScreenshot: true, uuid: R3CRC0MAAKN, viewportRect: {height: 2308, left: 0, top: 94, width: 1080}, warnings: {}, webStorageEnabled: false}
Session ID: 505fa4e4-ef0a-406d-8957-17751797b00e" type="org.openqa.selenium.WebDriverException">
      <![CDATA[org.openqa.selenium.WebDriverException: An unknown server-side error occurred while processing the command. Original error: Cannot activate 'com.dreammirae.anyauth.android'. Original error: Error executing adbExec. Original error: 'Command '/Users/soosanint/Library/Android/sdk/platform-tools/adb -P 5037 -s R3CRC0P3VPW shell monkey -p com.dreammirae.anyauth.android -c android.intent.category.LAUNCHER 1' exited with code 252'; Command output: args: [-p, com.dreammirae.anyauth.android, -c, android.intent.category.LAUNCHER, 1]
 arg: "-p"
 arg: "com.dreammirae.anyauth.android"
 arg: "-c"
 arg: "android.intent.category.LAUNCHER"
 arg: "1"
data="com.dreammirae.anyauth.android"
data="android.intent.category.LAUNCHER"

Build info: version: '3.141.59', revision: 'e82be7d358', time: '2018-11-14T08:17:03'
System info: host: 'SOOSANui-MacBookAir.local', ip: 'fe80:0:0:0:14a8:2e5:7cd6:cc9a%en0', os.name: 'Mac OS X', os.arch: 'aarch64', os.version: '13.3.1', java.version: '17.0.6'
Driver info: io.appium.java_client.android.AndroidDriver
Capabilities {databaseEnabled: false, desired: {deviceName: SM-G991N, platformName: android, platformversion: 12, uuid: R3CRC0MAAKN}, deviceApiLevel: 32, deviceManufacturer: samsung, deviceModel: SM-F711N, deviceName: R3CRC0P3VPW, deviceScreenDensity: 480, deviceScreenSize: 1080x2640, deviceUDID: R3CRC0P3VPW, javascriptEnabled: true, locationContextEnabled: false, networkConnectionEnabled: true, pixelRatio: 3, platform: LINUX, platformName: Android, platformVersion: 12, platformversion: 12, statBarHeight: 94, takesScreenshot: true, uuid: R3CRC0MAAKN, viewportRect: {height: 2308, left: 0, top: 94, width: 1080}, warnings: {}, webStorageEnabled: false}
Session ID: 505fa4e4-ef0a-406d-8957-17751797b00e
at java.base/jdk.internal.reflect.NativeConstructorAccessorImpl.newInstance0(Native Method)
at java.base/jdk.internal.reflect.NativeConstructorAccessorImpl.newInstance(NativeConstructorAccessorImpl.java:77)
at java.base/jdk.internal.reflect.DelegatingConstructorAccessorImpl.newInstance(DelegatingConstructorAccessorImpl.java:45)
at java.base/java.lang.reflect.Constructor.newInstanceWithCaller(Constructor.java:499)
at java.base/java.lang.reflect.Constructor.newInstance(Constructor.java:480)
at org.openqa.selenium.remote.http.W3CHttpResponseCodec.createException(W3CHttpResponseCodec.java:187)
at org.openqa.selenium.remote.http.W3CHttpResponseCodec.decode(W3CHttpResponseCodec.java:122)
at org.openqa.selenium.remote.http.W3CHttpResponseCodec.decode(W3CHttpResponseCodec.java:49)
at org.openqa.selenium.remote.HttpCommandExecutor.execute(HttpCommandExecutor.java:158)
at io.appium.java_client.remote.AppiumCommandExecutor.execute(AppiumCommandExecutor.java:239)
at org.openqa.selenium.remote.RemoteWebDriver.execute(RemoteWebDriver.java:552)
at io.appium.java_client.DefaultGenericMobileDriver.execute(DefaultGenericMobileDriver.java:41)
at io.appium.java_client.AppiumDriver.execute(AppiumDriver.java:1)
at io.appium.java_client.android.AndroidDriver.execute(AndroidDriver.java:1)
at io.appium.java_client.CommandExecutionHelper.execute(CommandExecutionHelper.java:27)
at io.appium.java_client.InteractsWithApps.activateApp(InteractsWithApps.java:166)
at io.appium.java_client.InteractsWithApps.activateApp(InteractsWithApps.java:150)
at function.func_appium_android.activate_app(func_appium_android.java:427)
at function.func_appium_android.login_server(func_appium_android.java:305)
at test_case_android.A08_T05.A08_T05_case(A08_T05.java:33)
at eWalker_SSL_VPN_V10.eWalker_SSL_VPN_Android_launch_test.A08_T05(eWalker_SSL_VPN_Android_launch_test.java:214)
at java.base/jdk.internal.reflect.NativeMethodAccessorImpl.invoke0(Native Method)
at java.base/jdk.internal.reflect.NativeMethodAccessorImpl.invoke(NativeMethodAccessorImpl.java:77)
at java.base/jdk.internal.reflect.DelegatingMethodAccessorImpl.invoke(DelegatingMethodAccessorImpl.java:43)
at java.base/java.lang.reflect.Method.invoke(Method.java:568)
at org.testng.internal.MethodInvocationHelper.invokeMethod(MethodInvocationHelper.java:132)
at org.testng.internal.TestInvoker.invokeMethod(TestInvoker.java:599)
at org.testng.internal.TestInvoker.invokeTestMethod(TestInvoker.java:174)
at org.testng.internal.MethodRunner.runInSequence(MethodRunner.java:46)
at org.testng.internal.TestInvoker$MethodInvocationAgent.invoke(TestInvoker.java:822)
at org.testng.internal.TestInvoker.invokeTestMethods(TestInvoker.java:147)
at org.testng.internal.TestMethodWorker.invokeTestMethods(TestMethodWorker.java:146)
at org.testng.internal.TestMethodWorker.run(TestMethodWorker.java:128)
at java.base/java.util.ArrayList.forEach(ArrayList.java:1511)
at org.testng.TestRunner.privateRun(TestRunner.java:764)
at org.testng.TestRunner.run(TestRunner.java:585)
at org.testng.SuiteRunner.runTest(SuiteRunner.java:384)
at org.testng.SuiteRunner.runSequentially(SuiteRunner.java:378)
at org.testng.SuiteRunner.privateRun(SuiteRunner.java:337)
at org.testng.SuiteRunner.run(SuiteRunner.java:286)
at org.testng.SuiteRunnerWorker.runSuite(SuiteRunnerWorker.java:53)
at org.testng.SuiteRunnerWorker.run(SuiteRunnerWorker.java:96)
at org.testng.TestNG.runSuitesSequentially(TestNG.java:1218)
at org.testng.TestNG.runSuitesLocally(TestNG.java:1140)
at org.testng.TestNG.runSuites(TestNG.java:1069)
at org.testng.TestNG.run(TestNG.java:1037)
at org.testng.remote.AbstractRemoteTestNG.run(AbstractRemoteTestNG.java:115)
at org.testng.remote.RemoteTestNG.initAndRun(RemoteTestNG.java:251)
at org.testng.remote.RemoteTestNG.main(RemoteTestNG.java:77)
]]>
    </error>
  </testcase> <!-- A08_T05 -->
  <system-out/>
  <testcase classname="eWalker_SSL_VPN_V10.eWalker_SSL_VPN_Android_launch_test" name="A09_T01" time="51.688"/>
  <system-out/>
  <testcase classname="eWalker_SSL_VPN_V10.eWalker_SSL_VPN_Android_launch_test" name="A09_T03" time="36.046">
    <error message="An unknown server-side error occurred while processing the command. Original error: Cannot activate &#039;com.sise15.mysqlviewer&#039;. Original error: Error executing adbExec. Original error: &#039;Command &#039;/Users/soosanint/Library/Android/sdk/platform-tools/adb -P 5037 -s R3CRC0P3VPW shell monkey -p com.sise15.mysqlviewer -c android.intent.category.LAUNCHER 1&#039; exited with code 252&#039;; Command output: args: [-p, com.sise15.mysqlviewer, -c, android.intent.category.LAUNCHER, 1]
 arg: &quot;-p&quot;
 arg: &quot;com.sise15.mysqlviewer&quot;
 arg: &quot;-c&quot;
 arg: &quot;android.intent.category.LAUNCHER&quot;
 arg: &quot;1&quot;
data=&quot;com.sise15.mysqlviewer&quot;
data=&quot;android.intent.category.LAUNCHER&quot;

Build info: version: &#039;3.141.59&#039;, revision: &#039;e82be7d358&#039;, time: &#039;2018-11-14T08:17:03&#039;
System info: host: &#039;SOOSANui-MacBookAir.local&#039;, ip: &#039;fe80:0:0:0:14a8:2e5:7cd6:cc9a%en0&#039;, os.name: &#039;Mac OS X&#039;, os.arch: &#039;aarch64&#039;, os.version: &#039;13.3.1&#039;, java.version: &#039;17.0.6&#039;
Driver info: io.appium.java_client.android.AndroidDriver
Capabilities {databaseEnabled: false, desired: {deviceName: SM-G991N, platformName: android, platformversion: 12, uuid: R3CRC0MAAKN}, deviceApiLevel: 32, deviceManufacturer: samsung, deviceModel: SM-F711N, deviceName: R3CRC0P3VPW, deviceScreenDensity: 480, deviceScreenSize: 1080x2640, deviceUDID: R3CRC0P3VPW, javascriptEnabled: true, locationContextEnabled: false, networkConnectionEnabled: true, pixelRatio: 3, platform: LINUX, platformName: Android, platformVersion: 12, platformversion: 12, statBarHeight: 94, takesScreenshot: true, uuid: R3CRC0MAAKN, viewportRect: {height: 2308, left: 0, top: 94, width: 1080}, warnings: {}, webStorageEnabled: false}
Session ID: 505fa4e4-ef0a-406d-8957-17751797b00e" type="org.openqa.selenium.WebDriverException">
      <![CDATA[org.openqa.selenium.WebDriverException: An unknown server-side error occurred while processing the command. Original error: Cannot activate 'com.sise15.mysqlviewer'. Original error: Error executing adbExec. Original error: 'Command '/Users/soosanint/Library/Android/sdk/platform-tools/adb -P 5037 -s R3CRC0P3VPW shell monkey -p com.sise15.mysqlviewer -c android.intent.category.LAUNCHER 1' exited with code 252'; Command output: args: [-p, com.sise15.mysqlviewer, -c, android.intent.category.LAUNCHER, 1]
 arg: "-p"
 arg: "com.sise15.mysqlviewer"
 arg: "-c"
 arg: "android.intent.category.LAUNCHER"
 arg: "1"
data="com.sise15.mysqlviewer"
data="android.intent.category.LAUNCHER"

Build info: version: '3.141.59', revision: 'e82be7d358', time: '2018-11-14T08:17:03'
System info: host: 'SOOSANui-MacBookAir.local', ip: 'fe80:0:0:0:14a8:2e5:7cd6:cc9a%en0', os.name: 'Mac OS X', os.arch: 'aarch64', os.version: '13.3.1', java.version: '17.0.6'
Driver info: io.appium.java_client.android.AndroidDriver
Capabilities {databaseEnabled: false, desired: {deviceName: SM-G991N, platformName: android, platformversion: 12, uuid: R3CRC0MAAKN}, deviceApiLevel: 32, deviceManufacturer: samsung, deviceModel: SM-F711N, deviceName: R3CRC0P3VPW, deviceScreenDensity: 480, deviceScreenSize: 1080x2640, deviceUDID: R3CRC0P3VPW, javascriptEnabled: true, locationContextEnabled: false, networkConnectionEnabled: true, pixelRatio: 3, platform: LINUX, platformName: Android, platformVersion: 12, platformversion: 12, statBarHeight: 94, takesScreenshot: true, uuid: R3CRC0MAAKN, viewportRect: {height: 2308, left: 0, top: 94, width: 1080}, warnings: {}, webStorageEnabled: false}
Session ID: 505fa4e4-ef0a-406d-8957-17751797b00e
at java.base/jdk.internal.reflect.NativeConstructorAccessorImpl.newInstance0(Native Method)
at java.base/jdk.internal.reflect.NativeConstructorAccessorImpl.newInstance(NativeConstructorAccessorImpl.java:77)
at java.base/jdk.internal.reflect.DelegatingConstructorAccessorImpl.newInstance(DelegatingConstructorAccessorImpl.java:45)
at java.base/java.lang.reflect.Constructor.newInstanceWithCaller(Constructor.java:499)
at java.base/java.lang.reflect.Constructor.newInstance(Constructor.java:480)
at org.openqa.selenium.remote.http.W3CHttpResponseCodec.createException(W3CHttpResponseCodec.java:187)
at org.openqa.selenium.remote.http.W3CHttpResponseCodec.decode(W3CHttpResponseCodec.java:122)
at org.openqa.selenium.remote.http.W3CHttpResponseCodec.decode(W3CHttpResponseCodec.java:49)
at org.openqa.selenium.remote.HttpCommandExecutor.execute(HttpCommandExecutor.java:158)
at io.appium.java_client.remote.AppiumCommandExecutor.execute(AppiumCommandExecutor.java:239)
at org.openqa.selenium.remote.RemoteWebDriver.execute(RemoteWebDriver.java:552)
at io.appium.java_client.DefaultGenericMobileDriver.execute(DefaultGenericMobileDriver.java:41)
at io.appium.java_client.AppiumDriver.execute(AppiumDriver.java:1)
at io.appium.java_client.android.AndroidDriver.execute(AndroidDriver.java:1)
at io.appium.java_client.CommandExecutionHelper.execute(CommandExecutionHelper.java:27)
at io.appium.java_client.InteractsWithApps.activateApp(InteractsWithApps.java:166)
at io.appium.java_client.InteractsWithApps.activateApp(InteractsWithApps.java:150)
at function.func_appium_android.activate_app(func_appium_android.java:427)
at function.func_appium_android.start_app(func_appium_android.java:436)
at function.func_appium_android.login_server(func_appium_android.java:236)
at test_case_android.A09_T03.A09_T03_case(A09_T03.java:55)
at eWalker_SSL_VPN_V10.eWalker_SSL_VPN_Android_launch_test.A09_T03(eWalker_SSL_VPN_Android_launch_test.java:226)
at java.base/jdk.internal.reflect.NativeMethodAccessorImpl.invoke0(Native Method)
at java.base/jdk.internal.reflect.NativeMethodAccessorImpl.invoke(NativeMethodAccessorImpl.java:77)
at java.base/jdk.internal.reflect.DelegatingMethodAccessorImpl.invoke(DelegatingMethodAccessorImpl.java:43)
at java.base/java.lang.reflect.Method.invoke(Method.java:568)
at org.testng.internal.MethodInvocationHelper.invokeMethod(MethodInvocationHelper.java:132)
at org.testng.internal.TestInvoker.invokeMethod(TestInvoker.java:599)
at org.testng.internal.TestInvoker.invokeTestMethod(TestInvoker.java:174)
at org.testng.internal.MethodRunner.runInSequence(MethodRunner.java:46)
at org.testng.internal.TestInvoker$MethodInvocationAgent.invoke(TestInvoker.java:822)
at org.testng.internal.TestInvoker.invokeTestMethods(TestInvoker.java:147)
at org.testng.internal.TestMethodWorker.invokeTestMethods(TestMethodWorker.java:146)
at org.testng.internal.TestMethodWorker.run(TestMethodWorker.java:128)
at java.base/java.util.ArrayList.forEach(ArrayList.java:1511)
at org.testng.TestRunner.privateRun(TestRunner.java:764)
at org.testng.TestRunner.run(TestRunner.java:585)
at org.testng.SuiteRunner.runTest(SuiteRunner.java:384)
at org.testng.SuiteRunner.runSequentially(SuiteRunner.java:378)
at org.testng.SuiteRunner.privateRun(SuiteRunner.java:337)
at org.testng.SuiteRunner.run(SuiteRunner.java:286)
at org.testng.SuiteRunnerWorker.runSuite(SuiteRunnerWorker.java:53)
at org.testng.SuiteRunnerWorker.run(SuiteRunnerWorker.java:96)
at org.testng.TestNG.runSuitesSequentially(TestNG.java:1218)
at org.testng.TestNG.runSuitesLocally(TestNG.java:1140)
at org.testng.TestNG.runSuites(TestNG.java:1069)
at org.testng.TestNG.run(TestNG.java:1037)
at org.testng.remote.AbstractRemoteTestNG.run(AbstractRemoteTestNG.java:115)
at org.testng.remote.RemoteTestNG.initAndRun(RemoteTestNG.java:251)
at org.testng.remote.RemoteTestNG.main(RemoteTestNG.java:77)
]]>
    </error>
  </testcase> <!-- A09_T03 -->
  <system-out/>
  <testcase classname="eWalker_SSL_VPN_V10.eWalker_SSL_VPN_Android_launch_test" name="A09_T04" time="199.463"/>
  <system-out/>
  <testcase classname="eWalker_SSL_VPN_V10.eWalker_SSL_VPN_Android_launch_test" name="A09_T05" time="34.336">
    <error message="An unknown server-side error occurred while processing the command. Original error: Cannot activate &#039;com.dreammirae.anyauth.android&#039;. Original error: Error executing adbExec. Original error: &#039;Command &#039;/Users/soosanint/Library/Android/sdk/platform-tools/adb -P 5037 -s R3CRC0P3VPW shell monkey -p com.dreammirae.anyauth.android -c android.intent.category.LAUNCHER 1&#039; exited with code 252&#039;; Command output: args: [-p, com.dreammirae.anyauth.android, -c, android.intent.category.LAUNCHER, 1]
 arg: &quot;-p&quot;
 arg: &quot;com.dreammirae.anyauth.android&quot;
 arg: &quot;-c&quot;
 arg: &quot;android.intent.category.LAUNCHER&quot;
 arg: &quot;1&quot;
data=&quot;com.dreammirae.anyauth.android&quot;
data=&quot;android.intent.category.LAUNCHER&quot;

Build info: version: &#039;3.141.59&#039;, revision: &#039;e82be7d358&#039;, time: &#039;2018-11-14T08:17:03&#039;
System info: host: &#039;SOOSANui-MacBookAir.local&#039;, ip: &#039;fe80:0:0:0:14a8:2e5:7cd6:cc9a%en0&#039;, os.name: &#039;Mac OS X&#039;, os.arch: &#039;aarch64&#039;, os.version: &#039;13.3.1&#039;, java.version: &#039;17.0.6&#039;
Driver info: io.appium.java_client.android.AndroidDriver
Capabilities {databaseEnabled: false, desired: {deviceName: SM-G991N, platformName: android, platformversion: 12, uuid: R3CRC0MAAKN}, deviceApiLevel: 32, deviceManufacturer: samsung, deviceModel: SM-F711N, deviceName: R3CRC0P3VPW, deviceScreenDensity: 480, deviceScreenSize: 1080x2640, deviceUDID: R3CRC0P3VPW, javascriptEnabled: true, locationContextEnabled: false, networkConnectionEnabled: true, pixelRatio: 3, platform: LINUX, platformName: Android, platformVersion: 12, platformversion: 12, statBarHeight: 94, takesScreenshot: true, uuid: R3CRC0MAAKN, viewportRect: {height: 2308, left: 0, top: 94, width: 1080}, warnings: {}, webStorageEnabled: false}
Session ID: 505fa4e4-ef0a-406d-8957-17751797b00e" type="org.openqa.selenium.WebDriverException">
      <![CDATA[org.openqa.selenium.WebDriverException: An unknown server-side error occurred while processing the command. Original error: Cannot activate 'com.dreammirae.anyauth.android'. Original error: Error executing adbExec. Original error: 'Command '/Users/soosanint/Library/Android/sdk/platform-tools/adb -P 5037 -s R3CRC0P3VPW shell monkey -p com.dreammirae.anyauth.android -c android.intent.category.LAUNCHER 1' exited with code 252'; Command output: args: [-p, com.dreammirae.anyauth.android, -c, android.intent.category.LAUNCHER, 1]
 arg: "-p"
 arg: "com.dreammirae.anyauth.android"
 arg: "-c"
 arg: "android.intent.category.LAUNCHER"
 arg: "1"
data="com.dreammirae.anyauth.android"
data="android.intent.category.LAUNCHER"

Build info: version: '3.141.59', revision: 'e82be7d358', time: '2018-11-14T08:17:03'
System info: host: 'SOOSANui-MacBookAir.local', ip: 'fe80:0:0:0:14a8:2e5:7cd6:cc9a%en0', os.name: 'Mac OS X', os.arch: 'aarch64', os.version: '13.3.1', java.version: '17.0.6'
Driver info: io.appium.java_client.android.AndroidDriver
Capabilities {databaseEnabled: false, desired: {deviceName: SM-G991N, platformName: android, platformversion: 12, uuid: R3CRC0MAAKN}, deviceApiLevel: 32, deviceManufacturer: samsung, deviceModel: SM-F711N, deviceName: R3CRC0P3VPW, deviceScreenDensity: 480, deviceScreenSize: 1080x2640, deviceUDID: R3CRC0P3VPW, javascriptEnabled: true, locationContextEnabled: false, networkConnectionEnabled: true, pixelRatio: 3, platform: LINUX, platformName: Android, platformVersion: 12, platformversion: 12, statBarHeight: 94, takesScreenshot: true, uuid: R3CRC0MAAKN, viewportRect: {height: 2308, left: 0, top: 94, width: 1080}, warnings: {}, webStorageEnabled: false}
Session ID: 505fa4e4-ef0a-406d-8957-17751797b00e
at java.base/jdk.internal.reflect.NativeConstructorAccessorImpl.newInstance0(Native Method)
at java.base/jdk.internal.reflect.NativeConstructorAccessorImpl.newInstance(NativeConstructorAccessorImpl.java:77)
at java.base/jdk.internal.reflect.DelegatingConstructorAccessorImpl.newInstance(DelegatingConstructorAccessorImpl.java:45)
at java.base/java.lang.reflect.Constructor.newInstanceWithCaller(Constructor.java:499)
at java.base/java.lang.reflect.Constructor.newInstance(Constructor.java:480)
at org.openqa.selenium.remote.http.W3CHttpResponseCodec.createException(W3CHttpResponseCodec.java:187)
at org.openqa.selenium.remote.http.W3CHttpResponseCodec.decode(W3CHttpResponseCodec.java:122)
at org.openqa.selenium.remote.http.W3CHttpResponseCodec.decode(W3CHttpResponseCodec.java:49)
at org.openqa.selenium.remote.HttpCommandExecutor.execute(HttpCommandExecutor.java:158)
at io.appium.java_client.remote.AppiumCommandExecutor.execute(AppiumCommandExecutor.java:239)
at org.openqa.selenium.remote.RemoteWebDriver.execute(RemoteWebDriver.java:552)
at io.appium.java_client.DefaultGenericMobileDriver.execute(DefaultGenericMobileDriver.java:41)
at io.appium.java_client.AppiumDriver.execute(AppiumDriver.java:1)
at io.appium.java_client.android.AndroidDriver.execute(AndroidDriver.java:1)
at io.appium.java_client.CommandExecutionHelper.execute(CommandExecutionHelper.java:27)
at io.appium.java_client.InteractsWithApps.activateApp(InteractsWithApps.java:166)
at io.appium.java_client.InteractsWithApps.activateApp(InteractsWithApps.java:150)
at function.func_appium_android.activate_app(func_appium_android.java:427)
at function.func_appium_android.login_server(func_appium_android.java:305)
at test_case_android.A09_T05.A09_T05_case(A09_T05.java:32)
at eWalker_SSL_VPN_V10.eWalker_SSL_VPN_Android_launch_test.A09_T05(eWalker_SSL_VPN_Android_launch_test.java:238)
at java.base/jdk.internal.reflect.NativeMethodAccessorImpl.invoke0(Native Method)
at java.base/jdk.internal.reflect.NativeMethodAccessorImpl.invoke(NativeMethodAccessorImpl.java:77)
at java.base/jdk.internal.reflect.DelegatingMethodAccessorImpl.invoke(DelegatingMethodAccessorImpl.java:43)
at java.base/java.lang.reflect.Method.invoke(Method.java:568)
at org.testng.internal.MethodInvocationHelper.invokeMethod(MethodInvocationHelper.java:132)
at org.testng.internal.TestInvoker.invokeMethod(TestInvoker.java:599)
at org.testng.internal.TestInvoker.invokeTestMethod(TestInvoker.java:174)
at org.testng.internal.MethodRunner.runInSequence(MethodRunner.java:46)
at org.testng.internal.TestInvoker$MethodInvocationAgent.invoke(TestInvoker.java:822)
at org.testng.internal.TestInvoker.invokeTestMethods(TestInvoker.java:147)
at org.testng.internal.TestMethodWorker.invokeTestMethods(TestMethodWorker.java:146)
at org.testng.internal.TestMethodWorker.run(TestMethodWorker.java:128)
at java.base/java.util.ArrayList.forEach(ArrayList.java:1511)
at org.testng.TestRunner.privateRun(TestRunner.java:764)
at org.testng.TestRunner.run(TestRunner.java:585)
at org.testng.SuiteRunner.runTest(SuiteRunner.java:384)
at org.testng.SuiteRunner.runSequentially(SuiteRunner.java:378)
at org.testng.SuiteRunner.privateRun(SuiteRunner.java:337)
at org.testng.SuiteRunner.run(SuiteRunner.java:286)
at org.testng.SuiteRunnerWorker.runSuite(SuiteRunnerWorker.java:53)
at org.testng.SuiteRunnerWorker.run(SuiteRunnerWorker.java:96)
at org.testng.TestNG.runSuitesSequentially(TestNG.java:1218)
at org.testng.TestNG.runSuitesLocally(TestNG.java:1140)
at org.testng.TestNG.runSuites(TestNG.java:1069)
at org.testng.TestNG.run(TestNG.java:1037)
at org.testng.remote.AbstractRemoteTestNG.run(AbstractRemoteTestNG.java:115)
at org.testng.remote.RemoteTestNG.initAndRun(RemoteTestNG.java:251)
at org.testng.remote.RemoteTestNG.main(RemoteTestNG.java:77)
]]>
    </error>
  </testcase> <!-- A09_T05 -->
  <system-out/>
  <testcase classname="eWalker_SSL_VPN_V10.eWalker_SSL_VPN_Android_launch_test" name="A10_T01" time="55.035"/>
  <system-out/>
  <testcase classname="eWalker_SSL_VPN_V10.eWalker_SSL_VPN_Android_launch_test" name="A10_T03" time="36.731">
    <error message="An unknown server-side error occurred while processing the command. Original error: Cannot activate &#039;com.sise15.mysqlviewer&#039;. Original error: Error executing adbExec. Original error: &#039;Command &#039;/Users/soosanint/Library/Android/sdk/platform-tools/adb -P 5037 -s R3CRC0P3VPW shell monkey -p com.sise15.mysqlviewer -c android.intent.category.LAUNCHER 1&#039; exited with code 252&#039;; Command output: args: [-p, com.sise15.mysqlviewer, -c, android.intent.category.LAUNCHER, 1]
 arg: &quot;-p&quot;
 arg: &quot;com.sise15.mysqlviewer&quot;
 arg: &quot;-c&quot;
 arg: &quot;android.intent.category.LAUNCHER&quot;
 arg: &quot;1&quot;
data=&quot;com.sise15.mysqlviewer&quot;
data=&quot;android.intent.category.LAUNCHER&quot;

Build info: version: &#039;3.141.59&#039;, revision: &#039;e82be7d358&#039;, time: &#039;2018-11-14T08:17:03&#039;
System info: host: &#039;SOOSANui-MacBookAir.local&#039;, ip: &#039;fe80:0:0:0:14a8:2e5:7cd6:cc9a%en0&#039;, os.name: &#039;Mac OS X&#039;, os.arch: &#039;aarch64&#039;, os.version: &#039;13.3.1&#039;, java.version: &#039;17.0.6&#039;
Driver info: io.appium.java_client.android.AndroidDriver
Capabilities {databaseEnabled: false, desired: {deviceName: SM-G991N, platformName: android, platformversion: 12, uuid: R3CRC0MAAKN}, deviceApiLevel: 32, deviceManufacturer: samsung, deviceModel: SM-F711N, deviceName: R3CRC0P3VPW, deviceScreenDensity: 480, deviceScreenSize: 1080x2640, deviceUDID: R3CRC0P3VPW, javascriptEnabled: true, locationContextEnabled: false, networkConnectionEnabled: true, pixelRatio: 3, platform: LINUX, platformName: Android, platformVersion: 12, platformversion: 12, statBarHeight: 94, takesScreenshot: true, uuid: R3CRC0MAAKN, viewportRect: {height: 2308, left: 0, top: 94, width: 1080}, warnings: {}, webStorageEnabled: false}
Session ID: 505fa4e4-ef0a-406d-8957-17751797b00e" type="org.openqa.selenium.WebDriverException">
      <![CDATA[org.openqa.selenium.WebDriverException: An unknown server-side error occurred while processing the command. Original error: Cannot activate 'com.sise15.mysqlviewer'. Original error: Error executing adbExec. Original error: 'Command '/Users/soosanint/Library/Android/sdk/platform-tools/adb -P 5037 -s R3CRC0P3VPW shell monkey -p com.sise15.mysqlviewer -c android.intent.category.LAUNCHER 1' exited with code 252'; Command output: args: [-p, com.sise15.mysqlviewer, -c, android.intent.category.LAUNCHER, 1]
 arg: "-p"
 arg: "com.sise15.mysqlviewer"
 arg: "-c"
 arg: "android.intent.category.LAUNCHER"
 arg: "1"
data="com.sise15.mysqlviewer"
data="android.intent.category.LAUNCHER"

Build info: version: '3.141.59', revision: 'e82be7d358', time: '2018-11-14T08:17:03'
System info: host: 'SOOSANui-MacBookAir.local', ip: 'fe80:0:0:0:14a8:2e5:7cd6:cc9a%en0', os.name: 'Mac OS X', os.arch: 'aarch64', os.version: '13.3.1', java.version: '17.0.6'
Driver info: io.appium.java_client.android.AndroidDriver
Capabilities {databaseEnabled: false, desired: {deviceName: SM-G991N, platformName: android, platformversion: 12, uuid: R3CRC0MAAKN}, deviceApiLevel: 32, deviceManufacturer: samsung, deviceModel: SM-F711N, deviceName: R3CRC0P3VPW, deviceScreenDensity: 480, deviceScreenSize: 1080x2640, deviceUDID: R3CRC0P3VPW, javascriptEnabled: true, locationContextEnabled: false, networkConnectionEnabled: true, pixelRatio: 3, platform: LINUX, platformName: Android, platformVersion: 12, platformversion: 12, statBarHeight: 94, takesScreenshot: true, uuid: R3CRC0MAAKN, viewportRect: {height: 2308, left: 0, top: 94, width: 1080}, warnings: {}, webStorageEnabled: false}
Session ID: 505fa4e4-ef0a-406d-8957-17751797b00e
at java.base/jdk.internal.reflect.NativeConstructorAccessorImpl.newInstance0(Native Method)
at java.base/jdk.internal.reflect.NativeConstructorAccessorImpl.newInstance(NativeConstructorAccessorImpl.java:77)
at java.base/jdk.internal.reflect.DelegatingConstructorAccessorImpl.newInstance(DelegatingConstructorAccessorImpl.java:45)
at java.base/java.lang.reflect.Constructor.newInstanceWithCaller(Constructor.java:499)
at java.base/java.lang.reflect.Constructor.newInstance(Constructor.java:480)
at org.openqa.selenium.remote.http.W3CHttpResponseCodec.createException(W3CHttpResponseCodec.java:187)
at org.openqa.selenium.remote.http.W3CHttpResponseCodec.decode(W3CHttpResponseCodec.java:122)
at org.openqa.selenium.remote.http.W3CHttpResponseCodec.decode(W3CHttpResponseCodec.java:49)
at org.openqa.selenium.remote.HttpCommandExecutor.execute(HttpCommandExecutor.java:158)
at io.appium.java_client.remote.AppiumCommandExecutor.execute(AppiumCommandExecutor.java:239)
at org.openqa.selenium.remote.RemoteWebDriver.execute(RemoteWebDriver.java:552)
at io.appium.java_client.DefaultGenericMobileDriver.execute(DefaultGenericMobileDriver.java:41)
at io.appium.java_client.AppiumDriver.execute(AppiumDriver.java:1)
at io.appium.java_client.android.AndroidDriver.execute(AndroidDriver.java:1)
at io.appium.java_client.CommandExecutionHelper.execute(CommandExecutionHelper.java:27)
at io.appium.java_client.InteractsWithApps.activateApp(InteractsWithApps.java:166)
at io.appium.java_client.InteractsWithApps.activateApp(InteractsWithApps.java:150)
at function.func_appium_android.activate_app(func_appium_android.java:427)
at function.func_appium_android.start_app(func_appium_android.java:436)
at function.func_appium_android.login_server(func_appium_android.java:236)
at test_case_android.A10_T03.A10_T03_case(A10_T03.java:55)
at eWalker_SSL_VPN_V10.eWalker_SSL_VPN_Android_launch_test.A10_T03(eWalker_SSL_VPN_Android_launch_test.java:250)
at java.base/jdk.internal.reflect.NativeMethodAccessorImpl.invoke0(Native Method)
at java.base/jdk.internal.reflect.NativeMethodAccessorImpl.invoke(NativeMethodAccessorImpl.java:77)
at java.base/jdk.internal.reflect.DelegatingMethodAccessorImpl.invoke(DelegatingMethodAccessorImpl.java:43)
at java.base/java.lang.reflect.Method.invoke(Method.java:568)
at org.testng.internal.MethodInvocationHelper.invokeMethod(MethodInvocationHelper.java:132)
at org.testng.internal.TestInvoker.invokeMethod(TestInvoker.java:599)
at org.testng.internal.TestInvoker.invokeTestMethod(TestInvoker.java:174)
at org.testng.internal.MethodRunner.runInSequence(MethodRunner.java:46)
at org.testng.internal.TestInvoker$MethodInvocationAgent.invoke(TestInvoker.java:822)
at org.testng.internal.TestInvoker.invokeTestMethods(TestInvoker.java:147)
at org.testng.internal.TestMethodWorker.invokeTestMethods(TestMethodWorker.java:146)
at org.testng.internal.TestMethodWorker.run(TestMethodWorker.java:128)
at java.base/java.util.ArrayList.forEach(ArrayList.java:1511)
at org.testng.TestRunner.privateRun(TestRunner.java:764)
at org.testng.TestRunner.run(TestRunner.java:585)
at org.testng.SuiteRunner.runTest(SuiteRunner.java:384)
at org.testng.SuiteRunner.runSequentially(SuiteRunner.java:378)
at org.testng.SuiteRunner.privateRun(SuiteRunner.java:337)
at org.testng.SuiteRunner.run(SuiteRunner.java:286)
at org.testng.SuiteRunnerWorker.runSuite(SuiteRunnerWorker.java:53)
at org.testng.SuiteRunnerWorker.run(SuiteRunnerWorker.java:96)
at org.testng.TestNG.runSuitesSequentially(TestNG.java:1218)
at org.testng.TestNG.runSuitesLocally(TestNG.java:1140)
at org.testng.TestNG.runSuites(TestNG.java:1069)
at org.testng.TestNG.run(TestNG.java:1037)
at org.testng.remote.AbstractRemoteTestNG.run(AbstractRemoteTestNG.java:115)
at org.testng.remote.RemoteTestNG.initAndRun(RemoteTestNG.java:251)
at org.testng.remote.RemoteTestNG.main(RemoteTestNG.java:77)
]]>
    </error>
  </testcase> <!-- A10_T03 -->
  <system-out/>
  <testcase classname="eWalker_SSL_VPN_V10.eWalker_SSL_VPN_Android_launch_test" name="A10_T04" time="141.238"/>
  <system-out/>
  <testcase classname="eWalker_SSL_VPN_V10.eWalker_SSL_VPN_Android_launch_test" name="A10_T05" time="35.796">
    <error message="An unknown server-side error occurred while processing the command. Original error: Cannot activate &#039;com.dreammirae.anyauth.android&#039;. Original error: Error executing adbExec. Original error: &#039;Command &#039;/Users/soosanint/Library/Android/sdk/platform-tools/adb -P 5037 -s R3CRC0P3VPW shell monkey -p com.dreammirae.anyauth.android -c android.intent.category.LAUNCHER 1&#039; exited with code 252&#039;; Command output: args: [-p, com.dreammirae.anyauth.android, -c, android.intent.category.LAUNCHER, 1]
 arg: &quot;-p&quot;
 arg: &quot;com.dreammirae.anyauth.android&quot;
 arg: &quot;-c&quot;
 arg: &quot;android.intent.category.LAUNCHER&quot;
 arg: &quot;1&quot;
data=&quot;com.dreammirae.anyauth.android&quot;
data=&quot;android.intent.category.LAUNCHER&quot;

Build info: version: &#039;3.141.59&#039;, revision: &#039;e82be7d358&#039;, time: &#039;2018-11-14T08:17:03&#039;
System info: host: &#039;SOOSANui-MacBookAir.local&#039;, ip: &#039;fe80:0:0:0:14a8:2e5:7cd6:cc9a%en0&#039;, os.name: &#039;Mac OS X&#039;, os.arch: &#039;aarch64&#039;, os.version: &#039;13.3.1&#039;, java.version: &#039;17.0.6&#039;
Driver info: io.appium.java_client.android.AndroidDriver
Capabilities {databaseEnabled: false, desired: {deviceName: SM-G991N, platformName: android, platformversion: 12, uuid: R3CRC0MAAKN}, deviceApiLevel: 32, deviceManufacturer: samsung, deviceModel: SM-F711N, deviceName: R3CRC0P3VPW, deviceScreenDensity: 480, deviceScreenSize: 1080x2640, deviceUDID: R3CRC0P3VPW, javascriptEnabled: true, locationContextEnabled: false, networkConnectionEnabled: true, pixelRatio: 3, platform: LINUX, platformName: Android, platformVersion: 12, platformversion: 12, statBarHeight: 94, takesScreenshot: true, uuid: R3CRC0MAAKN, viewportRect: {height: 2308, left: 0, top: 94, width: 1080}, warnings: {}, webStorageEnabled: false}
Session ID: 505fa4e4-ef0a-406d-8957-17751797b00e" type="org.openqa.selenium.WebDriverException">
      <![CDATA[org.openqa.selenium.WebDriverException: An unknown server-side error occurred while processing the command. Original error: Cannot activate 'com.dreammirae.anyauth.android'. Original error: Error executing adbExec. Original error: 'Command '/Users/soosanint/Library/Android/sdk/platform-tools/adb -P 5037 -s R3CRC0P3VPW shell monkey -p com.dreammirae.anyauth.android -c android.intent.category.LAUNCHER 1' exited with code 252'; Command output: args: [-p, com.dreammirae.anyauth.android, -c, android.intent.category.LAUNCHER, 1]
 arg: "-p"
 arg: "com.dreammirae.anyauth.android"
 arg: "-c"
 arg: "android.intent.category.LAUNCHER"
 arg: "1"
data="com.dreammirae.anyauth.android"
data="android.intent.category.LAUNCHER"

Build info: version: '3.141.59', revision: 'e82be7d358', time: '2018-11-14T08:17:03'
System info: host: 'SOOSANui-MacBookAir.local', ip: 'fe80:0:0:0:14a8:2e5:7cd6:cc9a%en0', os.name: 'Mac OS X', os.arch: 'aarch64', os.version: '13.3.1', java.version: '17.0.6'
Driver info: io.appium.java_client.android.AndroidDriver
Capabilities {databaseEnabled: false, desired: {deviceName: SM-G991N, platformName: android, platformversion: 12, uuid: R3CRC0MAAKN}, deviceApiLevel: 32, deviceManufacturer: samsung, deviceModel: SM-F711N, deviceName: R3CRC0P3VPW, deviceScreenDensity: 480, deviceScreenSize: 1080x2640, deviceUDID: R3CRC0P3VPW, javascriptEnabled: true, locationContextEnabled: false, networkConnectionEnabled: true, pixelRatio: 3, platform: LINUX, platformName: Android, platformVersion: 12, platformversion: 12, statBarHeight: 94, takesScreenshot: true, uuid: R3CRC0MAAKN, viewportRect: {height: 2308, left: 0, top: 94, width: 1080}, warnings: {}, webStorageEnabled: false}
Session ID: 505fa4e4-ef0a-406d-8957-17751797b00e
at java.base/jdk.internal.reflect.NativeConstructorAccessorImpl.newInstance0(Native Method)
at java.base/jdk.internal.reflect.NativeConstructorAccessorImpl.newInstance(NativeConstructorAccessorImpl.java:77)
at java.base/jdk.internal.reflect.DelegatingConstructorAccessorImpl.newInstance(DelegatingConstructorAccessorImpl.java:45)
at java.base/java.lang.reflect.Constructor.newInstanceWithCaller(Constructor.java:499)
at java.base/java.lang.reflect.Constructor.newInstance(Constructor.java:480)
at org.openqa.selenium.remote.http.W3CHttpResponseCodec.createException(W3CHttpResponseCodec.java:187)
at org.openqa.selenium.remote.http.W3CHttpResponseCodec.decode(W3CHttpResponseCodec.java:122)
at org.openqa.selenium.remote.http.W3CHttpResponseCodec.decode(W3CHttpResponseCodec.java:49)
at org.openqa.selenium.remote.HttpCommandExecutor.execute(HttpCommandExecutor.java:158)
at io.appium.java_client.remote.AppiumCommandExecutor.execute(AppiumCommandExecutor.java:239)
at org.openqa.selenium.remote.RemoteWebDriver.execute(RemoteWebDriver.java:552)
at io.appium.java_client.DefaultGenericMobileDriver.execute(DefaultGenericMobileDriver.java:41)
at io.appium.java_client.AppiumDriver.execute(AppiumDriver.java:1)
at io.appium.java_client.android.AndroidDriver.execute(AndroidDriver.java:1)
at io.appium.java_client.CommandExecutionHelper.execute(CommandExecutionHelper.java:27)
at io.appium.java_client.InteractsWithApps.activateApp(InteractsWithApps.java:166)
at io.appium.java_client.InteractsWithApps.activateApp(InteractsWithApps.java:150)
at function.func_appium_android.activate_app(func_appium_android.java:427)
at function.func_appium_android.login_server(func_appium_android.java:305)
at test_case_android.A10_T05.A10_T05_case(A10_T05.java:32)
at eWalker_SSL_VPN_V10.eWalker_SSL_VPN_Android_launch_test.A10_T05(eWalker_SSL_VPN_Android_launch_test.java:262)
at java.base/jdk.internal.reflect.NativeMethodAccessorImpl.invoke0(Native Method)
at java.base/jdk.internal.reflect.NativeMethodAccessorImpl.invoke(NativeMethodAccessorImpl.java:77)
at java.base/jdk.internal.reflect.DelegatingMethodAccessorImpl.invoke(DelegatingMethodAccessorImpl.java:43)
at java.base/java.lang.reflect.Method.invoke(Method.java:568)
at org.testng.internal.MethodInvocationHelper.invokeMethod(MethodInvocationHelper.java:132)
at org.testng.internal.TestInvoker.invokeMethod(TestInvoker.java:599)
at org.testng.internal.TestInvoker.invokeTestMethod(TestInvoker.java:174)
at org.testng.internal.MethodRunner.runInSequence(MethodRunner.java:46)
at org.testng.internal.TestInvoker$MethodInvocationAgent.invoke(TestInvoker.java:822)
at org.testng.internal.TestInvoker.invokeTestMethods(TestInvoker.java:147)
at org.testng.internal.TestMethodWorker.invokeTestMethods(TestMethodWorker.java:146)
at org.testng.internal.TestMethodWorker.run(TestMethodWorker.java:128)
at java.base/java.util.ArrayList.forEach(ArrayList.java:1511)
at org.testng.TestRunner.privateRun(TestRunner.java:764)
at org.testng.TestRunner.run(TestRunner.java:585)
at org.testng.SuiteRunner.runTest(SuiteRunner.java:384)
at org.testng.SuiteRunner.runSequentially(SuiteRunner.java:378)
at org.testng.SuiteRunner.privateRun(SuiteRunner.java:337)
at org.testng.SuiteRunner.run(SuiteRunner.java:286)
at org.testng.SuiteRunnerWorker.runSuite(SuiteRunnerWorker.java:53)
at org.testng.SuiteRunnerWorker.run(SuiteRunnerWorker.java:96)
at org.testng.TestNG.runSuitesSequentially(TestNG.java:1218)
at org.testng.TestNG.runSuitesLocally(TestNG.java:1140)
at org.testng.TestNG.runSuites(TestNG.java:1069)
at org.testng.TestNG.run(TestNG.java:1037)
at org.testng.remote.AbstractRemoteTestNG.run(AbstractRemoteTestNG.java:115)
at org.testng.remote.RemoteTestNG.initAndRun(RemoteTestNG.java:251)
at org.testng.remote.RemoteTestNG.main(RemoteTestNG.java:77)
]]>
    </error>
  </testcase> <!-- A10_T05 -->
  <system-out/>
  <testcase classname="eWalker_SSL_VPN_V10.eWalker_SSL_VPN_Android_launch_test" name="A11_T01" time="27.908"/>
  <system-out/>
  <testcase classname="eWalker_SSL_VPN_V10.eWalker_SSL_VPN_Android_launch_test" name="A11_T02" time="27.019"/>
  <system-out/>
</testsuite> <!-- eWalker_SSL_VPN_V10.eWalker_SSL_VPN_Android_launch_test -->
