<?xml version="1.0" encoding="UTF-8"?>
<!-- Generated by org.testng.reporters.JUnitReportReporter -->
<testsuite hostname="SOOSANui-MacBookAir.local" failures="0" tests="1" name="eWalker_SSL_VPN_V10.eWalker_SSL_VPN_iOS" time="60.189" errors="0" timestamp="2023-06-01T16:21:39 KST" skipped="0">
  <testcase classname="eWalker_SSL_VPN_V10.eWalker_SSL_VPN_iOS" name="I02_T02" time="60.189"/>
  <system-out/>
</testsuite> <!-- eWalker_SSL_VPN_V10.eWalker_SSL_VPN_iOS -->
