<?xml version="1.0" encoding="UTF-8"?>
<!-- Generated by org.testng.reporters.JUnitReportReporter -->
<testsuite hostname="SOOSANui-MacBookAir.local" failures="0" tests="1" name="eWalker_SSL_VPN_V10.eWalker_SSL_VPN_MacOS_launch" time="2.709" errors="0" timestamp="2023-08-22T14:19:35 KST" skipped="0">
  <testcase classname="eWalker_SSL_VPN_V10.eWalker_SSL_VPN_MacOS_launch" name="I01_T01" time="2.709"/>
  <system-out/>
</testsuite> <!-- eWalker_SSL_VPN_V10.eWalker_SSL_VPN_MacOS_launch -->
