<?xml version="1.0" encoding="UTF-8"?>
<!-- Generated by org.testng.reporters.JUnitReportReporter -->
<testsuite hostname="SOOSANui-MacBookAir.local" failures="0" tests="1" name="eWalker_SSL_VPN_V10.eWalker_SSL_VPN_Android_launch" time="61.116" errors="0" timestamp="2023-08-21T14:06:41 KST" skipped="0">
  <testcase classname="eWalker_SSL_VPN_V10.eWalker_SSL_VPN_Android_launch" name="A03_T03" time="61.116"/>
  <system-out/>
</testsuite> <!-- eWalker_SSL_VPN_V10.eWalker_SSL_VPN_Android_launch -->
